  ____________       _____________
 ____    |__( )_________  __/__  /________      __
____  /| |_  /__  ___/_  /_ __  /_  __ \_ | /| / /
___  ___ |  / _  /   _  __/ _  / / /_/ /_ |/ |/ /
 _/_/  |_/_/  /_/    /_/    /_/  \____/____/|__/
[[34m2024-07-04T23:12:24.941-0300[0m] {[34mtask_context_logger.py:[0m63} INFO[0m - Task context logging is enabled[0m
[[34m2024-07-04T23:12:24.950-0300[0m] {[34mexecutor_loader.py:[0m115} INFO[0m - Loaded executor: SequentialExecutor[0m
[[34m2024-07-04T23:12:25.044-0300[0m] {[34mscheduler_job_runner.py:[0m808} INFO[0m - Starting the scheduler[0m
[[34m2024-07-04T23:12:25.044-0300[0m] {[34mscheduler_job_runner.py:[0m815} INFO[0m - Processing each file at most -1 times[0m
[[34m2024-07-04T23:12:25.047-0300[0m] {[34mmanager.py:[0m169} INFO[0m - Launched DagFileProcessorManager with pid: 11480[0m
[[34m2024-07-04T23:12:25.048-0300[0m] {[34mscheduler_job_runner.py:[0m1619} INFO[0m - Adopting or resetting orphaned tasks for active dag runs[0m
[[34m2024-07-04T23:12:25.050-0300[0m] {[34msettings.py:[0m60} INFO[0m - Configured default timezone UTC[0m
[2024-07-04T23:12:25.061-0300] {manager.py:392} WARNING - Because we cannot use more than 1 thread (parsing_processes = 2) when using sqlite. So we set parallelism to 1.
[[34m2024-07-04T23:12:26.937-0300[0m] {[34mscheduler_job_runner.py:[0m1341} INFO[0m - DAG meltano_load-details-csv_details-to-csv is at (or above) max_active_runs (1 of 1), not creating any more runs[0m
[[34m2024-07-04T23:12:26.940-0300[0m] {[34mscheduler_job_runner.py:[0m1341} INFO[0m - DAG meltano_load-postgres-csv_postgres-to-csv is at (or above) max_active_runs (1 of 1), not creating any more runs[0m
[[34m2024-07-04T23:12:26.942-0300[0m] {[34mscheduler_job_runner.py:[0m1341} INFO[0m - DAG meltano_load-disk-postgres_disk-to-postgres is at (or above) max_active_runs (1 of 1), not creating any more runs[0m
[[34m2024-07-04T23:12:27.340-0300[0m] {[34mscheduler_job_runner.py:[0m424} INFO[0m - 3 tasks up for execution:
	<TaskInstance: meltano_load-details-csv_details-to-csv.meltano_load-details-csv_details-to-csv_task0 scheduled__2024-07-04T00:00:00+00:00 [scheduled]>
	<TaskInstance: meltano_load-postgres-csv_postgres-to-csv.meltano_load-postgres-csv_postgres-to-csv_task0 scheduled__2024-07-04T00:00:00+00:00 [scheduled]>
	<TaskInstance: meltano_load-disk-postgres_disk-to-postgres.meltano_load-disk-postgres_disk-to-postgres_task0 scheduled__2024-07-04T00:05:00+00:00 [scheduled]>[0m
[[34m2024-07-04T23:12:27.340-0300[0m] {[34mscheduler_job_runner.py:[0m487} INFO[0m - DAG meltano_load-details-csv_details-to-csv has 0/16 running and queued tasks[0m
[[34m2024-07-04T23:12:27.340-0300[0m] {[34mscheduler_job_runner.py:[0m487} INFO[0m - DAG meltano_load-postgres-csv_postgres-to-csv has 0/16 running and queued tasks[0m
[[34m2024-07-04T23:12:27.340-0300[0m] {[34mscheduler_job_runner.py:[0m487} INFO[0m - DAG meltano_load-disk-postgres_disk-to-postgres has 0/16 running and queued tasks[0m
[[34m2024-07-04T23:12:27.340-0300[0m] {[34mscheduler_job_runner.py:[0m603} INFO[0m - Setting the following tasks to queued state:
	<TaskInstance: meltano_load-details-csv_details-to-csv.meltano_load-details-csv_details-to-csv_task0 scheduled__2024-07-04T00:00:00+00:00 [scheduled]>
	<TaskInstance: meltano_load-postgres-csv_postgres-to-csv.meltano_load-postgres-csv_postgres-to-csv_task0 scheduled__2024-07-04T00:00:00+00:00 [scheduled]>
	<TaskInstance: meltano_load-disk-postgres_disk-to-postgres.meltano_load-disk-postgres_disk-to-postgres_task0 scheduled__2024-07-04T00:05:00+00:00 [scheduled]>[0m
[[34m2024-07-04T23:12:27.342-0300[0m] {[34mtaskinstance.py:[0m2260} WARNING[0m - cannot record scheduled_duration for task meltano_load-details-csv_details-to-csv_task0 because previous state change time has not been saved[0m
[[34m2024-07-04T23:12:27.342-0300[0m] {[34mtaskinstance.py:[0m2260} WARNING[0m - cannot record scheduled_duration for task meltano_load-postgres-csv_postgres-to-csv_task0 because previous state change time has not been saved[0m
[[34m2024-07-04T23:12:27.342-0300[0m] {[34mtaskinstance.py:[0m2260} WARNING[0m - cannot record scheduled_duration for task meltano_load-disk-postgres_disk-to-postgres_task0 because previous state change time has not been saved[0m
[[34m2024-07-04T23:12:27.342-0300[0m] {[34mscheduler_job_runner.py:[0m646} INFO[0m - Sending TaskInstanceKey(dag_id='meltano_load-details-csv_details-to-csv', task_id='meltano_load-details-csv_details-to-csv_task0', run_id='scheduled__2024-07-04T00:00:00+00:00', try_number=1, map_index=-1) to executor with priority 1 and queue default[0m
[[34m2024-07-04T23:12:27.342-0300[0m] {[34mbase_executor.py:[0m146} INFO[0m - Adding to queue: ['airflow', 'tasks', 'run', 'meltano_load-details-csv_details-to-csv', 'meltano_load-details-csv_details-to-csv_task0', 'scheduled__2024-07-04T00:00:00+00:00', '--local', '--subdir', 'DAGS_FOLDER/meltano_dag_generator.py'][0m
[[34m2024-07-04T23:12:27.343-0300[0m] {[34mscheduler_job_runner.py:[0m646} INFO[0m - Sending TaskInstanceKey(dag_id='meltano_load-postgres-csv_postgres-to-csv', task_id='meltano_load-postgres-csv_postgres-to-csv_task0', run_id='scheduled__2024-07-04T00:00:00+00:00', try_number=1, map_index=-1) to executor with priority 1 and queue default[0m
[[34m2024-07-04T23:12:27.343-0300[0m] {[34mbase_executor.py:[0m146} INFO[0m - Adding to queue: ['airflow', 'tasks', 'run', 'meltano_load-postgres-csv_postgres-to-csv', 'meltano_load-postgres-csv_postgres-to-csv_task0', 'scheduled__2024-07-04T00:00:00+00:00', '--local', '--subdir', 'DAGS_FOLDER/meltano_dag_generator.py'][0m
[[34m2024-07-04T23:12:27.343-0300[0m] {[34mscheduler_job_runner.py:[0m646} INFO[0m - Sending TaskInstanceKey(dag_id='meltano_load-disk-postgres_disk-to-postgres', task_id='meltano_load-disk-postgres_disk-to-postgres_task0', run_id='scheduled__2024-07-04T00:05:00+00:00', try_number=1, map_index=-1) to executor with priority 1 and queue default[0m
[[34m2024-07-04T23:12:27.343-0300[0m] {[34mbase_executor.py:[0m146} INFO[0m - Adding to queue: ['airflow', 'tasks', 'run', 'meltano_load-disk-postgres_disk-to-postgres', 'meltano_load-disk-postgres_disk-to-postgres_task0', 'scheduled__2024-07-04T00:05:00+00:00', '--local', '--subdir', 'DAGS_FOLDER/meltano_dag_generator.py'][0m
[[34m2024-07-04T23:12:27.452-0300[0m] {[34msequential_executor.py:[0m73} INFO[0m - Executing command: ['airflow', 'tasks', 'run', 'meltano_load-details-csv_details-to-csv', 'meltano_load-details-csv_details-to-csv_task0', 'scheduled__2024-07-04T00:00:00+00:00', '--local', '--subdir', 'DAGS_FOLDER/meltano_dag_generator.py'][0m
[[34m2024-07-04T23:12:28.753-0300[0m] {[34mdagbag.py:[0m538} INFO[0m - Filling up the DagBag from /home/poxaian/PycharmProjects/Indicium_Tech_Code_Challenge/orchestrate/airflow/dags/meltano_dag_generator.py[0m
[[34m2024-07-04T23:12:30.361-0300[0m] {[34mmeltano_dag_generator.py:[0m187} INFO[0m - Received meltano v2 style schedule export: {'schedules': {'job': [{'name': 'load-details-csv', 'interval': '0 0 * * *', 'cron_interval': '0 0 * * *', 'env': {}, 'job': {'name': 'details-to-csv', 'tasks': ['tap-csv-details target-csv-details organiza_csv:run_details']}}, {'name': 'load-postgres-csv', 'interval': '0 0 * * *', 'cron_interval': '0 0 * * *', 'env': {}, 'job': {'name': 'postgres-to-csv', 'tasks': ['tap-postgres handle-real-dt target-csv-tables organiza_csv:run_tables']}}, {'name': 'load-disk-postgres', 'interval': '5 0 * * *', 'cron_interval': '5 0 * * *', 'env': {}, 'job': {'name': 'disk-to-postgres', 'tasks': ['tap-csv-all target-postgres']}}], 'elt': []}}[0m
[[34m2024-07-04T23:12:30.362-0300[0m] {[34mmeltano_dag_generator.py:[0m147} INFO[0m - Considering task 'tap-csv-details target-csv-details organiza_csv:run_details' of schedule 'load-details-csv': {'name': 'load-details-csv', 'interval': '0 0 * * *', 'cron_interval': '0 0 * * *', 'env': {}, 'job': {'name': 'details-to-csv', 'tasks': ['tap-csv-details target-csv-details organiza_csv:run_details']}}[0m
[[34m2024-07-04T23:12:30.363-0300[0m] {[34mmeltano_dag_generator.py:[0m169} INFO[0m - Spun off task '<Task(BashOperator): meltano_load-details-csv_details-to-csv_task0>' of schedule 'load-details-csv': {'name': 'load-details-csv', 'interval': '0 0 * * *', 'cron_interval': '0 0 * * *', 'env': {}, 'job': {'name': 'details-to-csv', 'tasks': ['tap-csv-details target-csv-details organiza_csv:run_details']}}[0m
[[34m2024-07-04T23:12:30.363-0300[0m] {[34mmeltano_dag_generator.py:[0m172} INFO[0m - DAG created for schedule 'load-details-csv', task='tap-csv-details target-csv-details organiza_csv:run_details'[0m
[[34m2024-07-04T23:12:30.364-0300[0m] {[34mmeltano_dag_generator.py:[0m147} INFO[0m - Considering task 'tap-postgres handle-real-dt target-csv-tables organiza_csv:run_tables' of schedule 'load-postgres-csv': {'name': 'load-postgres-csv', 'interval': '0 0 * * *', 'cron_interval': '0 0 * * *', 'env': {}, 'job': {'name': 'postgres-to-csv', 'tasks': ['tap-postgres handle-real-dt target-csv-tables organiza_csv:run_tables']}}[0m
[[34m2024-07-04T23:12:30.364-0300[0m] {[34mmeltano_dag_generator.py:[0m169} INFO[0m - Spun off task '<Task(BashOperator): meltano_load-postgres-csv_postgres-to-csv_task0>' of schedule 'load-postgres-csv': {'name': 'load-postgres-csv', 'interval': '0 0 * * *', 'cron_interval': '0 0 * * *', 'env': {}, 'job': {'name': 'postgres-to-csv', 'tasks': ['tap-postgres handle-real-dt target-csv-tables organiza_csv:run_tables']}}[0m
[[34m2024-07-04T23:12:30.364-0300[0m] {[34mmeltano_dag_generator.py:[0m172} INFO[0m - DAG created for schedule 'load-postgres-csv', task='tap-postgres handle-real-dt target-csv-tables organiza_csv:run_tables'[0m
[[34m2024-07-04T23:12:30.365-0300[0m] {[34mmeltano_dag_generator.py:[0m147} INFO[0m - Considering task 'tap-csv-all target-postgres' of schedule 'load-disk-postgres': {'name': 'load-disk-postgres', 'interval': '5 0 * * *', 'cron_interval': '5 0 * * *', 'env': {}, 'job': {'name': 'disk-to-postgres', 'tasks': ['tap-csv-all target-postgres']}}[0m
[[34m2024-07-04T23:12:30.365-0300[0m] {[34mmeltano_dag_generator.py:[0m169} INFO[0m - Spun off task '<Task(BashOperator): meltano_load-disk-postgres_disk-to-postgres_task0>' of schedule 'load-disk-postgres': {'name': 'load-disk-postgres', 'interval': '5 0 * * *', 'cron_interval': '5 0 * * *', 'env': {}, 'job': {'name': 'disk-to-postgres', 'tasks': ['tap-csv-all target-postgres']}}[0m
[[34m2024-07-04T23:12:30.365-0300[0m] {[34mmeltano_dag_generator.py:[0m172} INFO[0m - DAG created for schedule 'load-disk-postgres', task='tap-csv-all target-postgres'[0m
Changing /home/poxaian/PycharmProjects/Indicium_Tech_Code_Challenge/.meltano/utilities/airflow/logs/dag_id=meltano_load-details-csv_details-to-csv/run_id=scheduled__2024-07-04T00:00:00+00:00/task_id=meltano_load-details-csv_details-to-csv_task0 permission to 509
[[34m2024-07-04T23:12:30.509-0300[0m] {[34mtask_command.py:[0m423} INFO[0m - Running <TaskInstance: meltano_load-details-csv_details-to-csv.meltano_load-details-csv_details-to-csv_task0 scheduled__2024-07-04T00:00:00+00:00 [queued]> on host poxaian[0m
[[34m2024-07-04T23:12:39.552-0300[0m] {[34msequential_executor.py:[0m73} INFO[0m - Executing command: ['airflow', 'tasks', 'run', 'meltano_load-postgres-csv_postgres-to-csv', 'meltano_load-postgres-csv_postgres-to-csv_task0', 'scheduled__2024-07-04T00:00:00+00:00', '--local', '--subdir', 'DAGS_FOLDER/meltano_dag_generator.py'][0m
[[34m2024-07-04T23:12:40.374-0300[0m] {[34mdagbag.py:[0m538} INFO[0m - Filling up the DagBag from /home/poxaian/PycharmProjects/Indicium_Tech_Code_Challenge/orchestrate/airflow/dags/meltano_dag_generator.py[0m
[[34m2024-07-04T23:12:41.915-0300[0m] {[34mmeltano_dag_generator.py:[0m187} INFO[0m - Received meltano v2 style schedule export: {'schedules': {'job': [{'name': 'load-details-csv', 'interval': '0 0 * * *', 'cron_interval': '0 0 * * *', 'env': {}, 'job': {'name': 'details-to-csv', 'tasks': ['tap-csv-details target-csv-details organiza_csv:run_details']}}, {'name': 'load-postgres-csv', 'interval': '0 0 * * *', 'cron_interval': '0 0 * * *', 'env': {}, 'job': {'name': 'postgres-to-csv', 'tasks': ['tap-postgres handle-real-dt target-csv-tables organiza_csv:run_tables']}}, {'name': 'load-disk-postgres', 'interval': '5 0 * * *', 'cron_interval': '5 0 * * *', 'env': {}, 'job': {'name': 'disk-to-postgres', 'tasks': ['tap-csv-all target-postgres']}}], 'elt': []}}[0m
[[34m2024-07-04T23:12:41.916-0300[0m] {[34mmeltano_dag_generator.py:[0m147} INFO[0m - Considering task 'tap-csv-details target-csv-details organiza_csv:run_details' of schedule 'load-details-csv': {'name': 'load-details-csv', 'interval': '0 0 * * *', 'cron_interval': '0 0 * * *', 'env': {}, 'job': {'name': 'details-to-csv', 'tasks': ['tap-csv-details target-csv-details organiza_csv:run_details']}}[0m
[[34m2024-07-04T23:12:41.917-0300[0m] {[34mmeltano_dag_generator.py:[0m169} INFO[0m - Spun off task '<Task(BashOperator): meltano_load-details-csv_details-to-csv_task0>' of schedule 'load-details-csv': {'name': 'load-details-csv', 'interval': '0 0 * * *', 'cron_interval': '0 0 * * *', 'env': {}, 'job': {'name': 'details-to-csv', 'tasks': ['tap-csv-details target-csv-details organiza_csv:run_details']}}[0m
[[34m2024-07-04T23:12:41.917-0300[0m] {[34mmeltano_dag_generator.py:[0m172} INFO[0m - DAG created for schedule 'load-details-csv', task='tap-csv-details target-csv-details organiza_csv:run_details'[0m
[[34m2024-07-04T23:12:41.918-0300[0m] {[34mmeltano_dag_generator.py:[0m147} INFO[0m - Considering task 'tap-postgres handle-real-dt target-csv-tables organiza_csv:run_tables' of schedule 'load-postgres-csv': {'name': 'load-postgres-csv', 'interval': '0 0 * * *', 'cron_interval': '0 0 * * *', 'env': {}, 'job': {'name': 'postgres-to-csv', 'tasks': ['tap-postgres handle-real-dt target-csv-tables organiza_csv:run_tables']}}[0m
[[34m2024-07-04T23:12:41.918-0300[0m] {[34mmeltano_dag_generator.py:[0m169} INFO[0m - Spun off task '<Task(BashOperator): meltano_load-postgres-csv_postgres-to-csv_task0>' of schedule 'load-postgres-csv': {'name': 'load-postgres-csv', 'interval': '0 0 * * *', 'cron_interval': '0 0 * * *', 'env': {}, 'job': {'name': 'postgres-to-csv', 'tasks': ['tap-postgres handle-real-dt target-csv-tables organiza_csv:run_tables']}}[0m
[[34m2024-07-04T23:12:41.918-0300[0m] {[34mmeltano_dag_generator.py:[0m172} INFO[0m - DAG created for schedule 'load-postgres-csv', task='tap-postgres handle-real-dt target-csv-tables organiza_csv:run_tables'[0m
[[34m2024-07-04T23:12:41.918-0300[0m] {[34mmeltano_dag_generator.py:[0m147} INFO[0m - Considering task 'tap-csv-all target-postgres' of schedule 'load-disk-postgres': {'name': 'load-disk-postgres', 'interval': '5 0 * * *', 'cron_interval': '5 0 * * *', 'env': {}, 'job': {'name': 'disk-to-postgres', 'tasks': ['tap-csv-all target-postgres']}}[0m
[[34m2024-07-04T23:12:41.919-0300[0m] {[34mmeltano_dag_generator.py:[0m169} INFO[0m - Spun off task '<Task(BashOperator): meltano_load-disk-postgres_disk-to-postgres_task0>' of schedule 'load-disk-postgres': {'name': 'load-disk-postgres', 'interval': '5 0 * * *', 'cron_interval': '5 0 * * *', 'env': {}, 'job': {'name': 'disk-to-postgres', 'tasks': ['tap-csv-all target-postgres']}}[0m
[[34m2024-07-04T23:12:41.919-0300[0m] {[34mmeltano_dag_generator.py:[0m172} INFO[0m - DAG created for schedule 'load-disk-postgres', task='tap-csv-all target-postgres'[0m
Changing /home/poxaian/PycharmProjects/Indicium_Tech_Code_Challenge/.meltano/utilities/airflow/logs/dag_id=meltano_load-postgres-csv_postgres-to-csv/run_id=scheduled__2024-07-04T00:00:00+00:00/task_id=meltano_load-postgres-csv_postgres-to-csv_task0 permission to 509
[[34m2024-07-04T23:12:41.995-0300[0m] {[34mtask_command.py:[0m423} INFO[0m - Running <TaskInstance: meltano_load-postgres-csv_postgres-to-csv.meltano_load-postgres-csv_postgres-to-csv_task0 scheduled__2024-07-04T00:00:00+00:00 [queued]> on host poxaian[0m
[[34m2024-07-04T23:12:51.478-0300[0m] {[34msequential_executor.py:[0m73} INFO[0m - Executing command: ['airflow', 'tasks', 'run', 'meltano_load-disk-postgres_disk-to-postgres', 'meltano_load-disk-postgres_disk-to-postgres_task0', 'scheduled__2024-07-04T00:05:00+00:00', '--local', '--subdir', 'DAGS_FOLDER/meltano_dag_generator.py'][0m
[[34m2024-07-04T23:12:52.379-0300[0m] {[34mdagbag.py:[0m538} INFO[0m - Filling up the DagBag from /home/poxaian/PycharmProjects/Indicium_Tech_Code_Challenge/orchestrate/airflow/dags/meltano_dag_generator.py[0m
[[34m2024-07-04T23:12:54.027-0300[0m] {[34mmeltano_dag_generator.py:[0m187} INFO[0m - Received meltano v2 style schedule export: {'schedules': {'job': [{'name': 'load-details-csv', 'interval': '0 0 * * *', 'cron_interval': '0 0 * * *', 'env': {}, 'job': {'name': 'details-to-csv', 'tasks': ['tap-csv-details target-csv-details organiza_csv:run_details']}}, {'name': 'load-postgres-csv', 'interval': '0 0 * * *', 'cron_interval': '0 0 * * *', 'env': {}, 'job': {'name': 'postgres-to-csv', 'tasks': ['tap-postgres handle-real-dt target-csv-tables organiza_csv:run_tables']}}, {'name': 'load-disk-postgres', 'interval': '5 0 * * *', 'cron_interval': '5 0 * * *', 'env': {}, 'job': {'name': 'disk-to-postgres', 'tasks': ['tap-csv-all target-postgres']}}], 'elt': []}}[0m
[[34m2024-07-04T23:12:54.028-0300[0m] {[34mmeltano_dag_generator.py:[0m147} INFO[0m - Considering task 'tap-csv-details target-csv-details organiza_csv:run_details' of schedule 'load-details-csv': {'name': 'load-details-csv', 'interval': '0 0 * * *', 'cron_interval': '0 0 * * *', 'env': {}, 'job': {'name': 'details-to-csv', 'tasks': ['tap-csv-details target-csv-details organiza_csv:run_details']}}[0m
[[34m2024-07-04T23:12:54.029-0300[0m] {[34mmeltano_dag_generator.py:[0m169} INFO[0m - Spun off task '<Task(BashOperator): meltano_load-details-csv_details-to-csv_task0>' of schedule 'load-details-csv': {'name': 'load-details-csv', 'interval': '0 0 * * *', 'cron_interval': '0 0 * * *', 'env': {}, 'job': {'name': 'details-to-csv', 'tasks': ['tap-csv-details target-csv-details organiza_csv:run_details']}}[0m
[[34m2024-07-04T23:12:54.030-0300[0m] {[34mmeltano_dag_generator.py:[0m172} INFO[0m - DAG created for schedule 'load-details-csv', task='tap-csv-details target-csv-details organiza_csv:run_details'[0m
[[34m2024-07-04T23:12:54.030-0300[0m] {[34mmeltano_dag_generator.py:[0m147} INFO[0m - Considering task 'tap-postgres handle-real-dt target-csv-tables organiza_csv:run_tables' of schedule 'load-postgres-csv': {'name': 'load-postgres-csv', 'interval': '0 0 * * *', 'cron_interval': '0 0 * * *', 'env': {}, 'job': {'name': 'postgres-to-csv', 'tasks': ['tap-postgres handle-real-dt target-csv-tables organiza_csv:run_tables']}}[0m
[[34m2024-07-04T23:12:54.030-0300[0m] {[34mmeltano_dag_generator.py:[0m169} INFO[0m - Spun off task '<Task(BashOperator): meltano_load-postgres-csv_postgres-to-csv_task0>' of schedule 'load-postgres-csv': {'name': 'load-postgres-csv', 'interval': '0 0 * * *', 'cron_interval': '0 0 * * *', 'env': {}, 'job': {'name': 'postgres-to-csv', 'tasks': ['tap-postgres handle-real-dt target-csv-tables organiza_csv:run_tables']}}[0m
[[34m2024-07-04T23:12:54.030-0300[0m] {[34mmeltano_dag_generator.py:[0m172} INFO[0m - DAG created for schedule 'load-postgres-csv', task='tap-postgres handle-real-dt target-csv-tables organiza_csv:run_tables'[0m
[[34m2024-07-04T23:12:54.031-0300[0m] {[34mmeltano_dag_generator.py:[0m147} INFO[0m - Considering task 'tap-csv-all target-postgres' of schedule 'load-disk-postgres': {'name': 'load-disk-postgres', 'interval': '5 0 * * *', 'cron_interval': '5 0 * * *', 'env': {}, 'job': {'name': 'disk-to-postgres', 'tasks': ['tap-csv-all target-postgres']}}[0m
[[34m2024-07-04T23:12:54.031-0300[0m] {[34mmeltano_dag_generator.py:[0m169} INFO[0m - Spun off task '<Task(BashOperator): meltano_load-disk-postgres_disk-to-postgres_task0>' of schedule 'load-disk-postgres': {'name': 'load-disk-postgres', 'interval': '5 0 * * *', 'cron_interval': '5 0 * * *', 'env': {}, 'job': {'name': 'disk-to-postgres', 'tasks': ['tap-csv-all target-postgres']}}[0m
[[34m2024-07-04T23:12:54.031-0300[0m] {[34mmeltano_dag_generator.py:[0m172} INFO[0m - DAG created for schedule 'load-disk-postgres', task='tap-csv-all target-postgres'[0m
Changing /home/poxaian/PycharmProjects/Indicium_Tech_Code_Challenge/.meltano/utilities/airflow/logs/dag_id=meltano_load-disk-postgres_disk-to-postgres/run_id=scheduled__2024-07-04T00:05:00+00:00/task_id=meltano_load-disk-postgres_disk-to-postgres_task0 permission to 509
[[34m2024-07-04T23:12:54.117-0300[0m] {[34mtask_command.py:[0m423} INFO[0m - Running <TaskInstance: meltano_load-disk-postgres_disk-to-postgres.meltano_load-disk-postgres_disk-to-postgres_task0 scheduled__2024-07-04T00:05:00+00:00 [queued]> on host poxaian[0m
[[34m2024-07-04T23:13:05.251-0300[0m] {[34mscheduler_job_runner.py:[0m696} INFO[0m - Received executor event with state success for task instance TaskInstanceKey(dag_id='meltano_load-details-csv_details-to-csv', task_id='meltano_load-details-csv_details-to-csv_task0', run_id='scheduled__2024-07-04T00:00:00+00:00', try_number=1, map_index=-1)[0m
[[34m2024-07-04T23:13:05.251-0300[0m] {[34mscheduler_job_runner.py:[0m696} INFO[0m - Received executor event with state success for task instance TaskInstanceKey(dag_id='meltano_load-postgres-csv_postgres-to-csv', task_id='meltano_load-postgres-csv_postgres-to-csv_task0', run_id='scheduled__2024-07-04T00:00:00+00:00', try_number=1, map_index=-1)[0m
[[34m2024-07-04T23:13:05.251-0300[0m] {[34mscheduler_job_runner.py:[0m696} INFO[0m - Received executor event with state success for task instance TaskInstanceKey(dag_id='meltano_load-disk-postgres_disk-to-postgres', task_id='meltano_load-disk-postgres_disk-to-postgres_task0', run_id='scheduled__2024-07-04T00:05:00+00:00', try_number=1, map_index=-1)[0m
[[34m2024-07-04T23:13:05.256-0300[0m] {[34mscheduler_job_runner.py:[0m733} INFO[0m - TaskInstance Finished: dag_id=meltano_load-details-csv_details-to-csv, task_id=meltano_load-details-csv_details-to-csv_task0, run_id=scheduled__2024-07-04T00:00:00+00:00, map_index=-1, run_start_date=2024-07-05 02:12:31.231912+00:00, run_end_date=2024-07-05 02:12:39.220555+00:00, run_duration=7.988643, state=success, executor_state=success, try_number=1, max_tries=1, job_id=29, pool=default_pool, queue=default, priority_weight=1, operator=BashOperator, queued_dttm=2024-07-05 02:12:27.341127+00:00, queued_by_job_id=28, pid=11797[0m
[[34m2024-07-04T23:13:05.256-0300[0m] {[34mscheduler_job_runner.py:[0m733} INFO[0m - TaskInstance Finished: dag_id=meltano_load-postgres-csv_postgres-to-csv, task_id=meltano_load-postgres-csv_postgres-to-csv_task0, run_id=scheduled__2024-07-04T00:00:00+00:00, map_index=-1, run_start_date=2024-07-05 02:12:42.430955+00:00, run_end_date=2024-07-05 02:12:51.065029+00:00, run_duration=8.634074, state=success, executor_state=success, try_number=1, max_tries=1, job_id=30, pool=default_pool, queue=default, priority_weight=1, operator=BashOperator, queued_dttm=2024-07-05 02:12:27.341127+00:00, queued_by_job_id=28, pid=11863[0m
[[34m2024-07-04T23:13:05.256-0300[0m] {[34mscheduler_job_runner.py:[0m733} INFO[0m - TaskInstance Finished: dag_id=meltano_load-disk-postgres_disk-to-postgres, task_id=meltano_load-disk-postgres_disk-to-postgres_task0, run_id=scheduled__2024-07-04T00:05:00+00:00, map_index=-1, run_start_date=2024-07-05 02:12:54.926512+00:00, run_end_date=2024-07-05 02:13:04.893383+00:00, run_duration=9.966871, state=success, executor_state=success, try_number=1, max_tries=1, job_id=31, pool=default_pool, queue=default, priority_weight=1, operator=BashOperator, queued_dttm=2024-07-05 02:12:27.341127+00:00, queued_by_job_id=28, pid=11937[0m
[[34m2024-07-04T23:13:07.061-0300[0m] {[34mdagrun.py:[0m732} INFO[0m - Marking run <DagRun meltano_load-details-csv_details-to-csv @ 2024-07-04 00:00:00+00:00: scheduled__2024-07-04T00:00:00+00:00, state:running, queued_at: 2024-07-05 02:12:26.930944+00:00. externally triggered: False> successful[0m
[[34m2024-07-04T23:13:07.062-0300[0m] {[34mdagrun.py:[0m783} INFO[0m - DagRun Finished: dag_id=meltano_load-details-csv_details-to-csv, execution_date=2024-07-04 00:00:00+00:00, run_id=scheduled__2024-07-04T00:00:00+00:00, run_start_date=2024-07-05 02:12:27.057748+00:00, run_end_date=2024-07-05 02:13:07.062123+00:00, run_duration=40.004375, state=success, external_trigger=False, run_type=scheduled, data_interval_start=2024-07-04 00:00:00+00:00, data_interval_end=2024-07-05 00:00:00+00:00, dag_hash=ac34d206e78396324f290a7ef95b9277[0m
[[34m2024-07-04T23:13:07.064-0300[0m] {[34mdag.py:[0m3823} INFO[0m - Setting next_dagrun for meltano_load-details-csv_details-to-csv to 2024-07-05 00:00:00+00:00, run_after=2024-07-06 00:00:00+00:00[0m
[[34m2024-07-04T23:13:07.067-0300[0m] {[34mdagrun.py:[0m732} INFO[0m - Marking run <DagRun meltano_load-postgres-csv_postgres-to-csv @ 2024-07-04 00:00:00+00:00: scheduled__2024-07-04T00:00:00+00:00, state:running, queued_at: 2024-07-05 02:12:26.938479+00:00. externally triggered: False> successful[0m
[[34m2024-07-04T23:13:07.067-0300[0m] {[34mdagrun.py:[0m783} INFO[0m - DagRun Finished: dag_id=meltano_load-postgres-csv_postgres-to-csv, execution_date=2024-07-04 00:00:00+00:00, run_id=scheduled__2024-07-04T00:00:00+00:00, run_start_date=2024-07-05 02:12:27.057967+00:00, run_end_date=2024-07-05 02:13:07.067518+00:00, run_duration=40.009551, state=success, external_trigger=False, run_type=scheduled, data_interval_start=2024-07-04 00:00:00+00:00, data_interval_end=2024-07-05 00:00:00+00:00, dag_hash=101e21e0bc4cb56106e39b4beaa940fe[0m
[[34m2024-07-04T23:13:07.069-0300[0m] {[34mdag.py:[0m3823} INFO[0m - Setting next_dagrun for meltano_load-postgres-csv_postgres-to-csv to 2024-07-05 00:00:00+00:00, run_after=2024-07-06 00:00:00+00:00[0m
[[34m2024-07-04T23:13:07.072-0300[0m] {[34mdagrun.py:[0m732} INFO[0m - Marking run <DagRun meltano_load-disk-postgres_disk-to-postgres @ 2024-07-04 00:05:00+00:00: scheduled__2024-07-04T00:05:00+00:00, state:running, queued_at: 2024-07-05 02:12:26.941628+00:00. externally triggered: False> successful[0m
[[34m2024-07-04T23:13:07.072-0300[0m] {[34mdagrun.py:[0m783} INFO[0m - DagRun Finished: dag_id=meltano_load-disk-postgres_disk-to-postgres, execution_date=2024-07-04 00:05:00+00:00, run_id=scheduled__2024-07-04T00:05:00+00:00, run_start_date=2024-07-05 02:12:27.058045+00:00, run_end_date=2024-07-05 02:13:07.072405+00:00, run_duration=40.01436, state=success, external_trigger=False, run_type=scheduled, data_interval_start=2024-07-04 00:05:00+00:00, data_interval_end=2024-07-05 00:05:00+00:00, dag_hash=7f8d67c2caa9b4f52665797411e3b8f6[0m
[[34m2024-07-04T23:13:07.074-0300[0m] {[34mdag.py:[0m3823} INFO[0m - Setting next_dagrun for meltano_load-disk-postgres_disk-to-postgres to 2024-07-05 00:05:00+00:00, run_after=2024-07-06 00:05:00+00:00[0m
[[34m2024-07-04T23:17:25.086-0300[0m] {[34mscheduler_job_runner.py:[0m1619} INFO[0m - Adopting or resetting orphaned tasks for active dag runs[0m
[[34m2024-07-04T23:22:25.108-0300[0m] {[34mscheduler_job_runner.py:[0m1619} INFO[0m - Adopting or resetting orphaned tasks for active dag runs[0m
[[34m2024-07-04T23:27:26.112-0300[0m] {[34mscheduler_job_runner.py:[0m1619} INFO[0m - Adopting or resetting orphaned tasks for active dag runs[0m
[[34m2024-07-04T23:32:26.134-0300[0m] {[34mscheduler_job_runner.py:[0m1619} INFO[0m - Adopting or resetting orphaned tasks for active dag runs[0m
[[34m2024-07-04T23:37:26.156-0300[0m] {[34mscheduler_job_runner.py:[0m1619} INFO[0m - Adopting or resetting orphaned tasks for active dag runs[0m
[[34m2024-07-04T23:42:26.178-0300[0m] {[34mscheduler_job_runner.py:[0m1619} INFO[0m - Adopting or resetting orphaned tasks for active dag runs[0m
[[34m2024-07-04T23:47:26.201-0300[0m] {[34mscheduler_job_runner.py:[0m1619} INFO[0m - Adopting or resetting orphaned tasks for active dag runs[0m
[[34m2024-07-04T23:52:26.224-0300[0m] {[34mscheduler_job_runner.py:[0m1619} INFO[0m - Adopting or resetting orphaned tasks for active dag runs[0m
[[34m2024-07-04T23:57:26.246-0300[0m] {[34mscheduler_job_runner.py:[0m1619} INFO[0m - Adopting or resetting orphaned tasks for active dag runs[0m
[[34m2024-07-05T00:02:26.268-0300[0m] {[34mscheduler_job_runner.py:[0m1619} INFO[0m - Adopting or resetting orphaned tasks for active dag runs[0m
[[34m2024-07-05T00:07:26.290-0300[0m] {[34mscheduler_job_runner.py:[0m1619} INFO[0m - Adopting or resetting orphaned tasks for active dag runs[0m
[[34m2024-07-05T00:12:26.311-0300[0m] {[34mscheduler_job_runner.py:[0m1619} INFO[0m - Adopting or resetting orphaned tasks for active dag runs[0m
[[34m2024-07-05T00:17:26.334-0300[0m] {[34mscheduler_job_runner.py:[0m1619} INFO[0m - Adopting or resetting orphaned tasks for active dag runs[0m
[[34m2024-07-05T00:22:27.749-0300[0m] {[34mscheduler_job_runner.py:[0m1619} INFO[0m - Adopting or resetting orphaned tasks for active dag runs[0m
[[34m2024-07-05T00:27:27.771-0300[0m] {[34mscheduler_job_runner.py:[0m1619} INFO[0m - Adopting or resetting orphaned tasks for active dag runs[0m
[[34m2024-07-05T00:32:27.830-0300[0m] {[34mscheduler_job_runner.py:[0m1619} INFO[0m - Adopting or resetting orphaned tasks for active dag runs[0m
[[34m2024-07-05T00:37:27.853-0300[0m] {[34mscheduler_job_runner.py:[0m1619} INFO[0m - Adopting or resetting orphaned tasks for active dag runs[0m
[[34m2024-07-05T00:42:27.879-0300[0m] {[34mscheduler_job_runner.py:[0m1619} INFO[0m - Adopting or resetting orphaned tasks for active dag runs[0m
[[34m2024-07-05T00:47:28.796-0300[0m] {[34mscheduler_job_runner.py:[0m1619} INFO[0m - Adopting or resetting orphaned tasks for active dag runs[0m
[[34m2024-07-05T00:52:28.817-0300[0m] {[34mscheduler_job_runner.py:[0m1619} INFO[0m - Adopting or resetting orphaned tasks for active dag runs[0m
[[34m2024-07-05T00:57:28.839-0300[0m] {[34mscheduler_job_runner.py:[0m1619} INFO[0m - Adopting or resetting orphaned tasks for active dag runs[0m
[[34m2024-07-05T01:02:28.862-0300[0m] {[34mscheduler_job_runner.py:[0m1619} INFO[0m - Adopting or resetting orphaned tasks for active dag runs[0m
[[34m2024-07-05T01:07:28.884-0300[0m] {[34mscheduler_job_runner.py:[0m1619} INFO[0m - Adopting or resetting orphaned tasks for active dag runs[0m
[[34m2024-07-05T01:12:28.907-0300[0m] {[34mscheduler_job_runner.py:[0m1619} INFO[0m - Adopting or resetting orphaned tasks for active dag runs[0m
[[34m2024-07-05T01:17:28.929-0300[0m] {[34mscheduler_job_runner.py:[0m1619} INFO[0m - Adopting or resetting orphaned tasks for active dag runs[0m
[[34m2024-07-05T01:22:28.951-0300[0m] {[34mscheduler_job_runner.py:[0m1619} INFO[0m - Adopting or resetting orphaned tasks for active dag runs[0m
[[34m2024-07-05T01:27:28.973-0300[0m] {[34mscheduler_job_runner.py:[0m1619} INFO[0m - Adopting or resetting orphaned tasks for active dag runs[0m
[[34m2024-07-05T01:32:28.995-0300[0m] {[34mscheduler_job_runner.py:[0m1619} INFO[0m - Adopting or resetting orphaned tasks for active dag runs[0m
[[34m2024-07-05T01:37:29.017-0300[0m] {[34mscheduler_job_runner.py:[0m1619} INFO[0m - Adopting or resetting orphaned tasks for active dag runs[0m
[[34m2024-07-05T01:42:29.039-0300[0m] {[34mscheduler_job_runner.py:[0m1619} INFO[0m - Adopting or resetting orphaned tasks for active dag runs[0m
[[34m2024-07-05T01:47:29.062-0300[0m] {[34mscheduler_job_runner.py:[0m1619} INFO[0m - Adopting or resetting orphaned tasks for active dag runs[0m
[[34m2024-07-05T01:52:29.084-0300[0m] {[34mscheduler_job_runner.py:[0m1619} INFO[0m - Adopting or resetting orphaned tasks for active dag runs[0m
[[34m2024-07-05T01:52:29.086-0300[0m] {[34mscheduler_job_runner.py:[0m1642} INFO[0m - Marked 1 SchedulerJob instances as failed[0m
[[34m2024-07-05T01:57:29.152-0300[0m] {[34mscheduler_job_runner.py:[0m1619} INFO[0m - Adopting or resetting orphaned tasks for active dag runs[0m
[[34m2024-07-05T02:02:29.174-0300[0m] {[34mscheduler_job_runner.py:[0m1619} INFO[0m - Adopting or resetting orphaned tasks for active dag runs[0m
[[34m2024-07-05T02:07:29.196-0300[0m] {[34mscheduler_job_runner.py:[0m1619} INFO[0m - Adopting or resetting orphaned tasks for active dag runs[0m
[[34m2024-07-05T02:12:29.218-0300[0m] {[34mscheduler_job_runner.py:[0m1619} INFO[0m - Adopting or resetting orphaned tasks for active dag runs[0m
[[34m2024-07-05T02:17:29.240-0300[0m] {[34mscheduler_job_runner.py:[0m1619} INFO[0m - Adopting or resetting orphaned tasks for active dag runs[0m
[[34m2024-07-05T02:22:29.263-0300[0m] {[34mscheduler_job_runner.py:[0m1619} INFO[0m - Adopting or resetting orphaned tasks for active dag runs[0m
[[34m2024-07-05T02:27:31.208-0300[0m] {[34mscheduler_job_runner.py:[0m1619} INFO[0m - Adopting or resetting orphaned tasks for active dag runs[0m
[[34m2024-07-05T02:32:31.231-0300[0m] {[34mscheduler_job_runner.py:[0m1619} INFO[0m - Adopting or resetting orphaned tasks for active dag runs[0m
[[34m2024-07-05T02:37:31.301-0300[0m] {[34mscheduler_job_runner.py:[0m1619} INFO[0m - Adopting or resetting orphaned tasks for active dag runs[0m
[[34m2024-07-05T02:42:31.323-0300[0m] {[34mscheduler_job_runner.py:[0m1619} INFO[0m - Adopting or resetting orphaned tasks for active dag runs[0m
[[34m2024-07-05T02:47:31.347-0300[0m] {[34mscheduler_job_runner.py:[0m1619} INFO[0m - Adopting or resetting orphaned tasks for active dag runs[0m
[[34m2024-07-05T02:52:31.370-0300[0m] {[34mscheduler_job_runner.py:[0m1619} INFO[0m - Adopting or resetting orphaned tasks for active dag runs[0m
