[2024-07-04 23:12:25 -0300] [11479] [INFO] Starting gunicorn 21.2.0
[2024-07-04 23:12:25 -0300] [11479] [ERROR] Connection in use: ('::', 8793)
[2024-07-04 23:12:25 -0300] [11479] [ERROR] Retrying in 1 second.
[2m2024-07-05T02:12:25.683061Z[0m [[32m[1minfo     [0m] [1mEnvironment 'dev' is active   [0m
[2024-07-04 23:12:26 -0300] [11479] [ERROR] Connection in use: ('::', 8793)
[2024-07-04 23:12:26 -0300] [11479] [ERROR] Retrying in 1 second.
[2024-07-04 23:12:27 -0300] [11479] [ERROR] Connection in use: ('::', 8793)
[2024-07-04 23:12:27 -0300] [11479] [ERROR] Retrying in 1 second.
[2024-07-04 23:12:28 -0300] [11479] [ERROR] Connection in use: ('::', 8793)
[2024-07-04 23:12:28 -0300] [11479] [ERROR] Retrying in 1 second.
[2024-07-04 23:12:29 -0300] [11479] [ERROR] Connection in use: ('::', 8793)
[2024-07-04 23:12:29 -0300] [11479] [ERROR] Retrying in 1 second.
[2m2024-07-05T02:12:29.345433Z[0m [[32m[1minfo     [0m] [1mEnvironment 'dev' is active   [0m
[2024-07-04 23:12:30 -0300] [11479] [ERROR] Can't connect to ('::', 8793)
[2m2024-07-05T02:12:40.915023Z[0m [[32m[1minfo     [0m] [1mEnvironment 'dev' is active   [0m
[2m2024-07-05T02:12:52.984306Z[0m [[32m[1minfo     [0m] [1mEnvironment 'dev' is active   [0m
[2m2024-07-05T02:13:05.899602Z[0m [[32m[1minfo     [0m] [1mEnvironment 'dev' is active   [0m
[2m2024-07-05T02:13:38.043274Z[0m [[32m[1minfo     [0m] [1mEnvironment 'dev' is active   [0m
[2m2024-07-05T02:14:10.890028Z[0m [[32m[1minfo     [0m] [1mEnvironment 'dev' is active   [0m
[2m2024-07-05T02:14:42.727993Z[0m [[32m[1minfo     [0m] [1mEnvironment 'dev' is active   [0m
[2m2024-07-05T02:15:14.718548Z[0m [[32m[1minfo     [0m] [1mEnvironment 'dev' is active   [0m
[2m2024-07-05T02:15:46.595581Z[0m [[32m[1minfo     [0m] [1mEnvironment 'dev' is active   [0m
[2m2024-07-05T02:16:18.471520Z[0m [[32m[1minfo     [0m] [1mEnvironment 'dev' is active   [0m
[2m2024-07-05T02:16:50.431261Z[0m [[32m[1minfo     [0m] [1mEnvironment 'dev' is active   [0m
[2m2024-07-05T02:17:22.467714Z[0m [[32m[1minfo     [0m] [1mEnvironment 'dev' is active   [0m
[2m2024-07-05T02:17:54.292414Z[0m [[32m[1minfo     [0m] [1mEnvironment 'dev' is active   [0m
[2m2024-07-05T02:18:26.109144Z[0m [[32m[1minfo     [0m] [1mEnvironment 'dev' is active   [0m
[2m2024-07-05T02:18:57.974181Z[0m [[32m[1minfo     [0m] [1mEnvironment 'dev' is active   [0m
[2m2024-07-05T02:19:29.799125Z[0m [[32m[1minfo     [0m] [1mEnvironment 'dev' is active   [0m
[2m2024-07-05T02:20:01.804711Z[0m [[32m[1minfo     [0m] [1mEnvironment 'dev' is active   [0m
[2m2024-07-05T02:20:33.713403Z[0m [[32m[1minfo     [0m] [1mEnvironment 'dev' is active   [0m
[2m2024-07-05T02:21:05.561395Z[0m [[32m[1minfo     [0m] [1mEnvironment 'dev' is active   [0m
[2m2024-07-05T02:21:37.414811Z[0m [[32m[1minfo     [0m] [1mEnvironment 'dev' is active   [0m
[2m2024-07-05T02:22:09.437369Z[0m [[32m[1minfo     [0m] [1mEnvironment 'dev' is active   [0m
[2m2024-07-05T02:22:41.333420Z[0m [[32m[1minfo     [0m] [1mEnvironment 'dev' is active   [0m
[2m2024-07-05T02:23:13.114605Z[0m [[32m[1minfo     [0m] [1mEnvironment 'dev' is active   [0m
[2m2024-07-05T02:23:45.122408Z[0m [[32m[1minfo     [0m] [1mEnvironment 'dev' is active   [0m
[2m2024-07-05T02:24:17.822958Z[0m [[32m[1minfo     [0m] [1mEnvironment 'dev' is active   [0m
[2m2024-07-05T02:24:49.640882Z[0m [[32m[1minfo     [0m] [1mEnvironment 'dev' is active   [0m
[2m2024-07-05T02:25:21.472185Z[0m [[32m[1minfo     [0m] [1mEnvironment 'dev' is active   [0m
[2m2024-07-05T02:25:53.648513Z[0m [[32m[1minfo     [0m] [1mEnvironment 'dev' is active   [0m
[2m2024-07-05T02:26:25.772045Z[0m [[32m[1minfo     [0m] [1mEnvironment 'dev' is active   [0m
[2m2024-07-05T02:26:57.704356Z[0m [[32m[1minfo     [0m] [1mEnvironment 'dev' is active   [0m
[2m2024-07-05T02:27:29.830177Z[0m [[32m[1minfo     [0m] [1mEnvironment 'dev' is active   [0m
[2m2024-07-05T02:28:01.667365Z[0m [[32m[1minfo     [0m] [1mEnvironment 'dev' is active   [0m
[2m2024-07-05T02:28:33.632891Z[0m [[32m[1minfo     [0m] [1mEnvironment 'dev' is active   [0m
[2m2024-07-05T02:29:05.374097Z[0m [[32m[1minfo     [0m] [1mEnvironment 'dev' is active   [0m
[2m2024-07-05T02:29:37.424233Z[0m [[32m[1minfo     [0m] [1mEnvironment 'dev' is active   [0m
[2m2024-07-05T02:30:09.506394Z[0m [[32m[1minfo     [0m] [1mEnvironment 'dev' is active   [0m
[2m2024-07-05T02:30:42.201713Z[0m [[32m[1minfo     [0m] [1mEnvironment 'dev' is active   [0m
[2m2024-07-05T02:31:14.333788Z[0m [[32m[1minfo     [0m] [1mEnvironment 'dev' is active   [0m
[2m2024-07-05T02:31:46.482693Z[0m [[32m[1minfo     [0m] [1mEnvironment 'dev' is active   [0m
[2m2024-07-05T02:32:18.464338Z[0m [[32m[1minfo     [0m] [1mEnvironment 'dev' is active   [0m
[2m2024-07-05T02:32:50.444040Z[0m [[32m[1minfo     [0m] [1mEnvironment 'dev' is active   [0m
[2m2024-07-05T02:33:22.965385Z[0m [[32m[1minfo     [0m] [1mEnvironment 'dev' is active   [0m
[2m2024-07-05T02:33:54.890754Z[0m [[32m[1minfo     [0m] [1mEnvironment 'dev' is active   [0m
[2m2024-07-05T02:34:26.711457Z[0m [[32m[1minfo     [0m] [1mEnvironment 'dev' is active   [0m
[2m2024-07-05T02:34:58.571850Z[0m [[32m[1minfo     [0m] [1mEnvironment 'dev' is active   [0m
[2m2024-07-05T02:35:31.271124Z[0m [[32m[1minfo     [0m] [1mEnvironment 'dev' is active   [0m
[2m2024-07-05T02:36:03.157873Z[0m [[32m[1minfo     [0m] [1mEnvironment 'dev' is active   [0m
[2m2024-07-05T02:36:35.034310Z[0m [[32m[1minfo     [0m] [1mEnvironment 'dev' is active   [0m
[2m2024-07-05T02:37:07.498021Z[0m [[32m[1minfo     [0m] [1mEnvironment 'dev' is active   [0m
[2m2024-07-05T02:37:39.377993Z[0m [[32m[1minfo     [0m] [1mEnvironment 'dev' is active   [0m
[2m2024-07-05T02:38:11.183959Z[0m [[32m[1minfo     [0m] [1mEnvironment 'dev' is active   [0m
[2m2024-07-05T02:38:42.994422Z[0m [[32m[1minfo     [0m] [1mEnvironment 'dev' is active   [0m
[2m2024-07-05T02:39:15.593760Z[0m [[32m[1minfo     [0m] [1mEnvironment 'dev' is active   [0m
[2m2024-07-05T02:39:47.488921Z[0m [[32m[1minfo     [0m] [1mEnvironment 'dev' is active   [0m
[2m2024-07-05T02:40:19.303064Z[0m [[32m[1minfo     [0m] [1mEnvironment 'dev' is active   [0m
[2m2024-07-05T02:40:51.085060Z[0m [[32m[1minfo     [0m] [1mEnvironment 'dev' is active   [0m
[2m2024-07-05T02:41:22.929149Z[0m [[32m[1minfo     [0m] [1mEnvironment 'dev' is active   [0m
[2m2024-07-05T02:41:56.608340Z[0m [[32m[1minfo     [0m] [1mEnvironment 'dev' is active   [0m
[2m2024-07-05T02:42:28.473387Z[0m [[32m[1minfo     [0m] [1mEnvironment 'dev' is active   [0m
[2m2024-07-05T02:43:00.340828Z[0m [[32m[1minfo     [0m] [1mEnvironment 'dev' is active   [0m
[2m2024-07-05T02:43:32.134395Z[0m [[32m[1minfo     [0m] [1mEnvironment 'dev' is active   [0m
[2m2024-07-05T02:44:03.946241Z[0m [[32m[1minfo     [0m] [1mEnvironment 'dev' is active   [0m
[2m2024-07-05T02:44:35.723879Z[0m [[32m[1minfo     [0m] [1mEnvironment 'dev' is active   [0m
[2m2024-07-05T02:45:07.690652Z[0m [[32m[1minfo     [0m] [1mEnvironment 'dev' is active   [0m
[2m2024-07-05T02:45:39.570684Z[0m [[32m[1minfo     [0m] [1mEnvironment 'dev' is active   [0m
[2m2024-07-05T02:46:11.462055Z[0m [[32m[1minfo     [0m] [1mEnvironment 'dev' is active   [0m
[2m2024-07-05T02:46:43.334363Z[0m [[32m[1minfo     [0m] [1mEnvironment 'dev' is active   [0m
[2m2024-07-05T02:47:15.117209Z[0m [[32m[1minfo     [0m] [1mEnvironment 'dev' is active   [0m
[2m2024-07-05T02:47:46.900642Z[0m [[32m[1minfo     [0m] [1mEnvironment 'dev' is active   [0m
[2m2024-07-05T02:48:18.705381Z[0m [[32m[1minfo     [0m] [1mEnvironment 'dev' is active   [0m
[2m2024-07-05T02:48:50.713411Z[0m [[32m[1minfo     [0m] [1mEnvironment 'dev' is active   [0m
[2m2024-07-05T02:49:22.503866Z[0m [[32m[1minfo     [0m] [1mEnvironment 'dev' is active   [0m
[2m2024-07-05T02:49:54.293218Z[0m [[32m[1minfo     [0m] [1mEnvironment 'dev' is active   [0m
[2m2024-07-05T02:50:26.377582Z[0m [[32m[1minfo     [0m] [1mEnvironment 'dev' is active   [0m
[2m2024-07-05T02:50:58.200647Z[0m [[32m[1minfo     [0m] [1mEnvironment 'dev' is active   [0m
[2m2024-07-05T02:51:29.910619Z[0m [[32m[1minfo     [0m] [1mEnvironment 'dev' is active   [0m
[2m2024-07-05T02:52:01.709588Z[0m [[32m[1minfo     [0m] [1mEnvironment 'dev' is active   [0m
[2m2024-07-05T02:52:36.013555Z[0m [[32m[1minfo     [0m] [1mEnvironment 'dev' is active   [0m
[2m2024-07-05T02:53:07.827572Z[0m [[32m[1minfo     [0m] [1mEnvironment 'dev' is active   [0m
[2m2024-07-05T02:53:39.724732Z[0m [[32m[1minfo     [0m] [1mEnvironment 'dev' is active   [0m
[2m2024-07-05T02:54:11.523799Z[0m [[32m[1minfo     [0m] [1mEnvironment 'dev' is active   [0m
[2m2024-07-05T02:54:43.511075Z[0m [[32m[1minfo     [0m] [1mEnvironment 'dev' is active   [0m
[2m2024-07-05T02:55:15.448543Z[0m [[32m[1minfo     [0m] [1mEnvironment 'dev' is active   [0m
[2m2024-07-05T02:55:47.297481Z[0m [[32m[1minfo     [0m] [1mEnvironment 'dev' is active   [0m
[2m2024-07-05T02:56:19.105609Z[0m [[32m[1minfo     [0m] [1mEnvironment 'dev' is active   [0m
[2m2024-07-05T02:56:50.917617Z[0m [[32m[1minfo     [0m] [1mEnvironment 'dev' is active   [0m
[2m2024-07-05T02:57:23.764650Z[0m [[32m[1minfo     [0m] [1mEnvironment 'dev' is active   [0m
[2m2024-07-05T02:57:55.619725Z[0m [[32m[1minfo     [0m] [1mEnvironment 'dev' is active   [0m
[2m2024-07-05T02:58:27.563243Z[0m [[32m[1minfo     [0m] [1mEnvironment 'dev' is active   [0m
[2m2024-07-05T02:58:59.912911Z[0m [[32m[1minfo     [0m] [1mEnvironment 'dev' is active   [0m
[2m2024-07-05T02:59:31.680171Z[0m [[32m[1minfo     [0m] [1mEnvironment 'dev' is active   [0m
[2m2024-07-05T03:00:03.488725Z[0m [[32m[1minfo     [0m] [1mEnvironment 'dev' is active   [0m
[2m2024-07-05T03:00:36.044825Z[0m [[32m[1minfo     [0m] [1mEnvironment 'dev' is active   [0m
[2m2024-07-05T03:01:08.591700Z[0m [[32m[1minfo     [0m] [1mEnvironment 'dev' is active   [0m
[2m2024-07-05T03:01:40.643230Z[0m [[32m[1minfo     [0m] [1mEnvironment 'dev' is active   [0m
[2m2024-07-05T03:02:12.461355Z[0m [[32m[1minfo     [0m] [1mEnvironment 'dev' is active   [0m
[2m2024-07-05T03:02:44.323665Z[0m [[32m[1minfo     [0m] [1mEnvironment 'dev' is active   [0m
[2m2024-07-05T03:03:16.529512Z[0m [[32m[1minfo     [0m] [1mEnvironment 'dev' is active   [0m
[2m2024-07-05T03:03:48.368939Z[0m [[32m[1minfo     [0m] [1mEnvironment 'dev' is active   [0m
[2m2024-07-05T03:04:20.867097Z[0m [[32m[1minfo     [0m] [1mEnvironment 'dev' is active   [0m
[2m2024-07-05T03:04:52.674406Z[0m [[32m[1minfo     [0m] [1mEnvironment 'dev' is active   [0m
[2m2024-07-05T03:05:24.563646Z[0m [[32m[1minfo     [0m] [1mEnvironment 'dev' is active   [0m
[2m2024-07-05T03:05:56.750561Z[0m [[32m[1minfo     [0m] [1mEnvironment 'dev' is active   [0m
[2m2024-07-05T03:06:29.420090Z[0m [[32m[1minfo     [0m] [1mEnvironment 'dev' is active   [0m
[2m2024-07-05T03:07:01.529814Z[0m [[32m[1minfo     [0m] [1mEnvironment 'dev' is active   [0m
[2m2024-07-05T03:07:34.016032Z[0m [[32m[1minfo     [0m] [1mEnvironment 'dev' is active   [0m
[2m2024-07-05T03:08:05.837521Z[0m [[32m[1minfo     [0m] [1mEnvironment 'dev' is active   [0m
[2m2024-07-05T03:08:37.720009Z[0m [[32m[1minfo     [0m] [1mEnvironment 'dev' is active   [0m
[2m2024-07-05T03:09:09.609137Z[0m [[32m[1minfo     [0m] [1mEnvironment 'dev' is active   [0m
[2m2024-07-05T03:09:41.484007Z[0m [[32m[1minfo     [0m] [1mEnvironment 'dev' is active   [0m
[2m2024-07-05T03:10:13.595325Z[0m [[32m[1minfo     [0m] [1mEnvironment 'dev' is active   [0m
[2m2024-07-05T03:10:45.414991Z[0m [[32m[1minfo     [0m] [1mEnvironment 'dev' is active   [0m
[2m2024-07-05T03:11:17.184211Z[0m [[32m[1minfo     [0m] [1mEnvironment 'dev' is active   [0m
[2m2024-07-05T03:11:48.988924Z[0m [[32m[1minfo     [0m] [1mEnvironment 'dev' is active   [0m
[2m2024-07-05T03:12:20.742992Z[0m [[32m[1minfo     [0m] [1mEnvironment 'dev' is active   [0m
[2m2024-07-05T03:12:52.572066Z[0m [[32m[1minfo     [0m] [1mEnvironment 'dev' is active   [0m
[2m2024-07-05T03:13:24.627489Z[0m [[32m[1minfo     [0m] [1mEnvironment 'dev' is active   [0m
[2m2024-07-05T03:13:56.685195Z[0m [[32m[1minfo     [0m] [1mEnvironment 'dev' is active   [0m
[2m2024-07-05T03:14:28.379221Z[0m [[32m[1minfo     [0m] [1mEnvironment 'dev' is active   [0m
[2m2024-07-05T03:15:00.507301Z[0m [[32m[1minfo     [0m] [1mEnvironment 'dev' is active   [0m
[2m2024-07-05T03:15:32.293691Z[0m [[32m[1minfo     [0m] [1mEnvironment 'dev' is active   [0m
[2m2024-07-05T03:16:04.173178Z[0m [[32m[1minfo     [0m] [1mEnvironment 'dev' is active   [0m
[2m2024-07-05T03:16:36.394657Z[0m [[32m[1minfo     [0m] [1mEnvironment 'dev' is active   [0m
[2m2024-07-05T03:17:08.303359Z[0m [[32m[1minfo     [0m] [1mEnvironment 'dev' is active   [0m
[2m2024-07-05T03:17:40.059264Z[0m [[32m[1minfo     [0m] [1mEnvironment 'dev' is active   [0m
[2m2024-07-05T03:18:11.984731Z[0m [[32m[1minfo     [0m] [1mEnvironment 'dev' is active   [0m
[2m2024-07-05T03:18:43.805851Z[0m [[32m[1minfo     [0m] [1mEnvironment 'dev' is active   [0m
[2m2024-07-05T03:19:15.657509Z[0m [[32m[1minfo     [0m] [1mEnvironment 'dev' is active   [0m
[2m2024-07-05T03:19:47.836868Z[0m [[32m[1minfo     [0m] [1mEnvironment 'dev' is active   [0m
[2m2024-07-05T03:20:19.576473Z[0m [[32m[1minfo     [0m] [1mEnvironment 'dev' is active   [0m
[2m2024-07-05T03:20:51.460431Z[0m [[32m[1minfo     [0m] [1mEnvironment 'dev' is active   [0m
[2m2024-07-05T03:21:23.222183Z[0m [[32m[1minfo     [0m] [1mEnvironment 'dev' is active   [0m
[2m2024-07-05T03:21:54.947232Z[0m [[32m[1minfo     [0m] [1mEnvironment 'dev' is active   [0m
[2m2024-07-05T03:22:26.648562Z[0m [[32m[1minfo     [0m] [1mEnvironment 'dev' is active   [0m
[2m2024-07-05T03:22:58.349097Z[0m [[32m[1minfo     [0m] [1mEnvironment 'dev' is active   [0m
[2m2024-07-05T03:23:30.054730Z[0m [[32m[1minfo     [0m] [1mEnvironment 'dev' is active   [0m
[2m2024-07-05T03:24:01.820414Z[0m [[32m[1minfo     [0m] [1mEnvironment 'dev' is active   [0m
[2m2024-07-05T03:24:33.877329Z[0m [[32m[1minfo     [0m] [1mEnvironment 'dev' is active   [0m
[2m2024-07-05T03:25:05.700769Z[0m [[32m[1minfo     [0m] [1mEnvironment 'dev' is active   [0m
[2m2024-07-05T03:25:37.523023Z[0m [[32m[1minfo     [0m] [1mEnvironment 'dev' is active   [0m
[2m2024-07-05T03:26:09.914968Z[0m [[32m[1minfo     [0m] [1mEnvironment 'dev' is active   [0m
[2m2024-07-05T03:26:41.644119Z[0m [[32m[1minfo     [0m] [1mEnvironment 'dev' is active   [0m
[2m2024-07-05T03:27:14.292269Z[0m [[32m[1minfo     [0m] [1mEnvironment 'dev' is active   [0m
[2m2024-07-05T03:27:46.011765Z[0m [[32m[1minfo     [0m] [1mEnvironment 'dev' is active   [0m
[2m2024-07-05T03:28:17.849858Z[0m [[32m[1minfo     [0m] [1mEnvironment 'dev' is active   [0m
[2m2024-07-05T03:28:49.842609Z[0m [[32m[1minfo     [0m] [1mEnvironment 'dev' is active   [0m
[2m2024-07-05T03:29:21.597813Z[0m [[32m[1minfo     [0m] [1mEnvironment 'dev' is active   [0m
[2m2024-07-05T03:29:53.489667Z[0m [[32m[1minfo     [0m] [1mEnvironment 'dev' is active   [0m
[2m2024-07-05T03:30:25.647304Z[0m [[32m[1minfo     [0m] [1mEnvironment 'dev' is active   [0m
[2m2024-07-05T03:30:57.958439Z[0m [[32m[1minfo     [0m] [1mEnvironment 'dev' is active   [0m
[2m2024-07-05T03:31:29.967087Z[0m [[32m[1minfo     [0m] [1mEnvironment 'dev' is active   [0m
[2m2024-07-05T03:32:01.630388Z[0m [[32m[1minfo     [0m] [1mEnvironment 'dev' is active   [0m
[2m2024-07-05T03:32:33.796094Z[0m [[32m[1minfo     [0m] [1mEnvironment 'dev' is active   [0m
[2m2024-07-05T03:33:05.486980Z[0m [[32m[1minfo     [0m] [1mEnvironment 'dev' is active   [0m
[2m2024-07-05T03:33:37.219724Z[0m [[32m[1minfo     [0m] [1mEnvironment 'dev' is active   [0m
[2m2024-07-05T03:34:08.940178Z[0m [[32m[1minfo     [0m] [1mEnvironment 'dev' is active   [0m
[2m2024-07-05T03:34:40.746840Z[0m [[32m[1minfo     [0m] [1mEnvironment 'dev' is active   [0m
[2m2024-07-05T03:35:12.417852Z[0m [[32m[1minfo     [0m] [1mEnvironment 'dev' is active   [0m
[2m2024-07-05T03:35:44.215212Z[0m [[32m[1minfo     [0m] [1mEnvironment 'dev' is active   [0m
[2m2024-07-05T03:36:16.290871Z[0m [[32m[1minfo     [0m] [1mEnvironment 'dev' is active   [0m
[2m2024-07-05T03:36:48.083315Z[0m [[32m[1minfo     [0m] [1mEnvironment 'dev' is active   [0m
[2m2024-07-05T03:37:19.858493Z[0m [[32m[1minfo     [0m] [1mEnvironment 'dev' is active   [0m
[2m2024-07-05T03:37:51.707017Z[0m [[32m[1minfo     [0m] [1mEnvironment 'dev' is active   [0m
[2m2024-07-05T03:38:24.861290Z[0m [[32m[1minfo     [0m] [1mEnvironment 'dev' is active   [0m
[2m2024-07-05T03:38:57.036689Z[0m [[32m[1minfo     [0m] [1mEnvironment 'dev' is active   [0m
[2m2024-07-05T03:39:28.854888Z[0m [[32m[1minfo     [0m] [1mEnvironment 'dev' is active   [0m
[2m2024-07-05T03:40:00.711955Z[0m [[32m[1minfo     [0m] [1mEnvironment 'dev' is active   [0m
[2m2024-07-05T03:40:32.482761Z[0m [[32m[1minfo     [0m] [1mEnvironment 'dev' is active   [0m
[2m2024-07-05T03:41:04.320840Z[0m [[32m[1minfo     [0m] [1mEnvironment 'dev' is active   [0m
[2m2024-07-05T03:41:36.191742Z[0m [[32m[1minfo     [0m] [1mEnvironment 'dev' is active   [0m
[2m2024-07-05T03:42:07.999851Z[0m [[32m[1minfo     [0m] [1mEnvironment 'dev' is active   [0m
[2m2024-07-05T03:42:39.776657Z[0m [[32m[1minfo     [0m] [1mEnvironment 'dev' is active   [0m
[2m2024-07-05T03:43:11.577417Z[0m [[32m[1minfo     [0m] [1mEnvironment 'dev' is active   [0m
[2m2024-07-05T03:43:43.463337Z[0m [[32m[1minfo     [0m] [1mEnvironment 'dev' is active   [0m
[2m2024-07-05T03:44:16.390101Z[0m [[32m[1minfo     [0m] [1mEnvironment 'dev' is active   [0m
[2m2024-07-05T03:44:48.622065Z[0m [[32m[1minfo     [0m] [1mEnvironment 'dev' is active   [0m
[2m2024-07-05T03:45:20.390994Z[0m [[32m[1minfo     [0m] [1mEnvironment 'dev' is active   [0m
[2m2024-07-05T03:45:52.203752Z[0m [[32m[1minfo     [0m] [1mEnvironment 'dev' is active   [0m
[2m2024-07-05T03:46:23.974905Z[0m [[32m[1minfo     [0m] [1mEnvironment 'dev' is active   [0m
[2m2024-07-05T03:46:55.794543Z[0m [[32m[1minfo     [0m] [1mEnvironment 'dev' is active   [0m
[2m2024-07-05T03:47:27.619683Z[0m [[32m[1minfo     [0m] [1mEnvironment 'dev' is active   [0m
[2m2024-07-05T03:47:59.415501Z[0m [[32m[1minfo     [0m] [1mEnvironment 'dev' is active   [0m
[2m2024-07-05T03:48:31.207429Z[0m [[32m[1minfo     [0m] [1mEnvironment 'dev' is active   [0m
[2m2024-07-05T03:49:02.963294Z[0m [[32m[1minfo     [0m] [1mEnvironment 'dev' is active   [0m
[2m2024-07-05T03:49:34.629377Z[0m [[32m[1minfo     [0m] [1mEnvironment 'dev' is active   [0m
[2m2024-07-05T03:50:06.593801Z[0m [[32m[1minfo     [0m] [1mEnvironment 'dev' is active   [0m
[2m2024-07-05T03:50:38.760562Z[0m [[32m[1minfo     [0m] [1mEnvironment 'dev' is active   [0m
[2m2024-07-05T03:51:10.628664Z[0m [[32m[1minfo     [0m] [1mEnvironment 'dev' is active   [0m
[2m2024-07-05T03:51:42.437899Z[0m [[32m[1minfo     [0m] [1mEnvironment 'dev' is active   [0m
[2m2024-07-05T03:52:14.254722Z[0m [[32m[1minfo     [0m] [1mEnvironment 'dev' is active   [0m
[2m2024-07-05T03:52:46.093396Z[0m [[32m[1minfo     [0m] [1mEnvironment 'dev' is active   [0m
[2m2024-07-05T03:53:18.354609Z[0m [[32m[1minfo     [0m] [1mEnvironment 'dev' is active   [0m
[2m2024-07-05T03:53:50.160602Z[0m [[32m[1minfo     [0m] [1mEnvironment 'dev' is active   [0m
[2m2024-07-05T03:54:21.820366Z[0m [[32m[1minfo     [0m] [1mEnvironment 'dev' is active   [0m
[2m2024-07-05T03:54:53.810627Z[0m [[32m[1minfo     [0m] [1mEnvironment 'dev' is active   [0m
[2m2024-07-05T03:55:25.682130Z[0m [[32m[1minfo     [0m] [1mEnvironment 'dev' is active   [0m
[2m2024-07-05T03:55:57.746349Z[0m [[32m[1minfo     [0m] [1mEnvironment 'dev' is active   [0m
[2m2024-07-05T03:56:29.477785Z[0m [[32m[1minfo     [0m] [1mEnvironment 'dev' is active   [0m
[2m2024-07-05T03:57:01.508966Z[0m [[32m[1minfo     [0m] [1mEnvironment 'dev' is active   [0m
[2m2024-07-05T03:57:33.524346Z[0m [[32m[1minfo     [0m] [1mEnvironment 'dev' is active   [0m
[2m2024-07-05T03:58:05.419739Z[0m [[32m[1minfo     [0m] [1mEnvironment 'dev' is active   [0m
[2m2024-07-05T03:58:37.132303Z[0m [[32m[1minfo     [0m] [1mEnvironment 'dev' is active   [0m
[2m2024-07-05T03:59:08.812091Z[0m [[32m[1minfo     [0m] [1mEnvironment 'dev' is active   [0m
[2m2024-07-05T03:59:40.652705Z[0m [[32m[1minfo     [0m] [1mEnvironment 'dev' is active   [0m
[2m2024-07-05T04:00:12.421983Z[0m [[32m[1minfo     [0m] [1mEnvironment 'dev' is active   [0m
[2m2024-07-05T04:00:44.183393Z[0m [[32m[1minfo     [0m] [1mEnvironment 'dev' is active   [0m
[2m2024-07-05T04:01:16.349299Z[0m [[32m[1minfo     [0m] [1mEnvironment 'dev' is active   [0m
[2m2024-07-05T04:01:48.099686Z[0m [[32m[1minfo     [0m] [1mEnvironment 'dev' is active   [0m
[2m2024-07-05T04:02:19.951332Z[0m [[32m[1minfo     [0m] [1mEnvironment 'dev' is active   [0m
[2m2024-07-05T04:02:52.244907Z[0m [[32m[1minfo     [0m] [1mEnvironment 'dev' is active   [0m
[2m2024-07-05T04:03:23.997379Z[0m [[32m[1minfo     [0m] [1mEnvironment 'dev' is active   [0m
[2m2024-07-05T04:03:55.633171Z[0m [[32m[1minfo     [0m] [1mEnvironment 'dev' is active   [0m
[2m2024-07-05T04:04:27.354736Z[0m [[32m[1minfo     [0m] [1mEnvironment 'dev' is active   [0m
[2m2024-07-05T04:04:59.164781Z[0m [[32m[1minfo     [0m] [1mEnvironment 'dev' is active   [0m
[2m2024-07-05T04:05:31.026707Z[0m [[32m[1minfo     [0m] [1mEnvironment 'dev' is active   [0m
[2m2024-07-05T04:06:02.880969Z[0m [[32m[1minfo     [0m] [1mEnvironment 'dev' is active   [0m
[2m2024-07-05T04:06:34.622924Z[0m [[32m[1minfo     [0m] [1mEnvironment 'dev' is active   [0m
[2m2024-07-05T04:07:06.514419Z[0m [[32m[1minfo     [0m] [1mEnvironment 'dev' is active   [0m
[2m2024-07-05T04:07:38.989838Z[0m [[32m[1minfo     [0m] [1mEnvironment 'dev' is active   [0m
[2m2024-07-05T04:08:10.966524Z[0m [[32m[1minfo     [0m] [1mEnvironment 'dev' is active   [0m
[2m2024-07-05T04:08:42.849644Z[0m [[32m[1minfo     [0m] [1mEnvironment 'dev' is active   [0m
[2m2024-07-05T04:09:14.864225Z[0m [[32m[1minfo     [0m] [1mEnvironment 'dev' is active   [0m
[2m2024-07-05T04:09:46.743010Z[0m [[32m[1minfo     [0m] [1mEnvironment 'dev' is active   [0m
[2m2024-07-05T04:10:18.461419Z[0m [[32m[1minfo     [0m] [1mEnvironment 'dev' is active   [0m
[2m2024-07-05T04:10:50.255068Z[0m [[32m[1minfo     [0m] [1mEnvironment 'dev' is active   [0m
[2m2024-07-05T04:11:22.131409Z[0m [[32m[1minfo     [0m] [1mEnvironment 'dev' is active   [0m
[2m2024-07-05T04:11:54.497040Z[0m [[32m[1minfo     [0m] [1mEnvironment 'dev' is active   [0m
[2m2024-07-05T04:12:26.263540Z[0m [[32m[1minfo     [0m] [1mEnvironment 'dev' is active   [0m
[2m2024-07-05T04:12:58.170611Z[0m [[32m[1minfo     [0m] [1mEnvironment 'dev' is active   [0m
[2m2024-07-05T04:13:29.896906Z[0m [[32m[1minfo     [0m] [1mEnvironment 'dev' is active   [0m
[2m2024-07-05T04:14:01.681414Z[0m [[32m[1minfo     [0m] [1mEnvironment 'dev' is active   [0m
[2m2024-07-05T04:14:33.733894Z[0m [[32m[1minfo     [0m] [1mEnvironment 'dev' is active   [0m
[2m2024-07-05T04:15:05.536229Z[0m [[32m[1minfo     [0m] [1mEnvironment 'dev' is active   [0m
[2m2024-07-05T04:15:37.292188Z[0m [[32m[1minfo     [0m] [1mEnvironment 'dev' is active   [0m
[2m2024-07-05T04:16:08.942688Z[0m [[32m[1minfo     [0m] [1mEnvironment 'dev' is active   [0m
[2m2024-07-05T04:16:40.672566Z[0m [[32m[1minfo     [0m] [1mEnvironment 'dev' is active   [0m
[2m2024-07-05T04:17:12.488243Z[0m [[32m[1minfo     [0m] [1mEnvironment 'dev' is active   [0m
[2m2024-07-05T04:17:44.328382Z[0m [[32m[1minfo     [0m] [1mEnvironment 'dev' is active   [0m
[2m2024-07-05T04:18:16.212276Z[0m [[32m[1minfo     [0m] [1mEnvironment 'dev' is active   [0m
[2m2024-07-05T04:18:47.903807Z[0m [[32m[1minfo     [0m] [1mEnvironment 'dev' is active   [0m
[2m2024-07-05T04:19:21.067051Z[0m [[32m[1minfo     [0m] [1mEnvironment 'dev' is active   [0m
[2m2024-07-05T04:19:52.932062Z[0m [[32m[1minfo     [0m] [1mEnvironment 'dev' is active   [0m
[2m2024-07-05T04:20:25.520388Z[0m [[32m[1minfo     [0m] [1mEnvironment 'dev' is active   [0m
[2m2024-07-05T04:20:57.572315Z[0m [[32m[1minfo     [0m] [1mEnvironment 'dev' is active   [0m
[2m2024-07-05T04:21:30.600792Z[0m [[32m[1minfo     [0m] [1mEnvironment 'dev' is active   [0m
[2m2024-07-05T04:22:02.395754Z[0m [[32m[1minfo     [0m] [1mEnvironment 'dev' is active   [0m
[2m2024-07-05T04:22:34.505080Z[0m [[32m[1minfo     [0m] [1mEnvironment 'dev' is active   [0m
[2m2024-07-05T04:23:06.224658Z[0m [[32m[1minfo     [0m] [1mEnvironment 'dev' is active   [0m
[2m2024-07-05T04:23:38.092684Z[0m [[32m[1minfo     [0m] [1mEnvironment 'dev' is active   [0m
[2m2024-07-05T04:24:09.882995Z[0m [[32m[1minfo     [0m] [1mEnvironment 'dev' is active   [0m
[2m2024-07-05T04:24:41.660260Z[0m [[32m[1minfo     [0m] [1mEnvironment 'dev' is active   [0m
[2m2024-07-05T04:25:13.322009Z[0m [[32m[1minfo     [0m] [1mEnvironment 'dev' is active   [0m
[2m2024-07-05T04:25:45.035180Z[0m [[32m[1minfo     [0m] [1mEnvironment 'dev' is active   [0m
[2m2024-07-05T04:26:17.581472Z[0m [[32m[1minfo     [0m] [1mEnvironment 'dev' is active   [0m
[2m2024-07-05T04:26:49.264553Z[0m [[32m[1minfo     [0m] [1mEnvironment 'dev' is active   [0m
[2m2024-07-05T04:27:21.200761Z[0m [[32m[1minfo     [0m] [1mEnvironment 'dev' is active   [0m
[2m2024-07-05T04:27:54.046308Z[0m [[32m[1minfo     [0m] [1mEnvironment 'dev' is active   [0m
[2m2024-07-05T04:28:25.744249Z[0m [[32m[1minfo     [0m] [1mEnvironment 'dev' is active   [0m
[2m2024-07-05T04:28:57.562235Z[0m [[32m[1minfo     [0m] [1mEnvironment 'dev' is active   [0m
[2m2024-07-05T04:29:29.516134Z[0m [[32m[1minfo     [0m] [1mEnvironment 'dev' is active   [0m
[2m2024-07-05T04:30:01.283231Z[0m [[32m[1minfo     [0m] [1mEnvironment 'dev' is active   [0m
[2m2024-07-05T04:30:33.075707Z[0m [[32m[1minfo     [0m] [1mEnvironment 'dev' is active   [0m
[2m2024-07-05T04:31:04.804307Z[0m [[32m[1minfo     [0m] [1mEnvironment 'dev' is active   [0m
[2m2024-07-05T04:31:36.508436Z[0m [[32m[1minfo     [0m] [1mEnvironment 'dev' is active   [0m
[2m2024-07-05T04:32:08.270964Z[0m [[32m[1minfo     [0m] [1mEnvironment 'dev' is active   [0m
[2m2024-07-05T04:32:40.033320Z[0m [[32m[1minfo     [0m] [1mEnvironment 'dev' is active   [0m
[2m2024-07-05T04:33:11.754464Z[0m [[32m[1minfo     [0m] [1mEnvironment 'dev' is active   [0m
[2m2024-07-05T04:33:43.552973Z[0m [[32m[1minfo     [0m] [1mEnvironment 'dev' is active   [0m
[2m2024-07-05T04:34:15.181412Z[0m [[32m[1minfo     [0m] [1mEnvironment 'dev' is active   [0m
[2m2024-07-05T04:34:46.942553Z[0m [[32m[1minfo     [0m] [1mEnvironment 'dev' is active   [0m
[2m2024-07-05T04:35:18.903060Z[0m [[32m[1minfo     [0m] [1mEnvironment 'dev' is active   [0m
[2m2024-07-05T04:35:50.667225Z[0m [[32m[1minfo     [0m] [1mEnvironment 'dev' is active   [0m
[2m2024-07-05T04:36:22.879244Z[0m [[32m[1minfo     [0m] [1mEnvironment 'dev' is active   [0m
[2m2024-07-05T04:36:54.657333Z[0m [[32m[1minfo     [0m] [1mEnvironment 'dev' is active   [0m
[2m2024-07-05T04:37:26.404106Z[0m [[32m[1minfo     [0m] [1mEnvironment 'dev' is active   [0m
[2m2024-07-05T04:37:58.094161Z[0m [[32m[1minfo     [0m] [1mEnvironment 'dev' is active   [0m
[2m2024-07-05T04:38:29.780872Z[0m [[32m[1minfo     [0m] [1mEnvironment 'dev' is active   [0m
[2m2024-07-05T04:39:01.515732Z[0m [[32m[1minfo     [0m] [1mEnvironment 'dev' is active   [0m
[2m2024-07-05T04:39:33.290922Z[0m [[32m[1minfo     [0m] [1mEnvironment 'dev' is active   [0m
[2m2024-07-05T04:40:05.077689Z[0m [[32m[1minfo     [0m] [1mEnvironment 'dev' is active   [0m
[2m2024-07-05T04:40:36.847698Z[0m [[32m[1minfo     [0m] [1mEnvironment 'dev' is active   [0m
[2m2024-07-05T04:41:08.770941Z[0m [[32m[1minfo     [0m] [1mEnvironment 'dev' is active   [0m
[2m2024-07-05T04:41:41.191881Z[0m [[32m[1minfo     [0m] [1mEnvironment 'dev' is active   [0m
[2m2024-07-05T04:42:12.948909Z[0m [[32m[1minfo     [0m] [1mEnvironment 'dev' is active   [0m
[2m2024-07-05T04:42:44.774298Z[0m [[32m[1minfo     [0m] [1mEnvironment 'dev' is active   [0m
[2m2024-07-05T04:43:16.512821Z[0m [[32m[1minfo     [0m] [1mEnvironment 'dev' is active   [0m
[2m2024-07-05T04:43:48.304980Z[0m [[32m[1minfo     [0m] [1mEnvironment 'dev' is active   [0m
[2m2024-07-05T04:44:20.002054Z[0m [[32m[1minfo     [0m] [1mEnvironment 'dev' is active   [0m
[2m2024-07-05T04:44:51.918304Z[0m [[32m[1minfo     [0m] [1mEnvironment 'dev' is active   [0m
[2m2024-07-05T04:45:23.557880Z[0m [[32m[1minfo     [0m] [1mEnvironment 'dev' is active   [0m
[2m2024-07-05T04:45:55.339976Z[0m [[32m[1minfo     [0m] [1mEnvironment 'dev' is active   [0m
[2m2024-07-05T04:46:27.216765Z[0m [[32m[1minfo     [0m] [1mEnvironment 'dev' is active   [0m
[2m2024-07-05T04:46:59.136017Z[0m [[32m[1minfo     [0m] [1mEnvironment 'dev' is active   [0m
[2m2024-07-05T04:47:31.114756Z[0m [[32m[1minfo     [0m] [1mEnvironment 'dev' is active   [0m
[2m2024-07-05T04:48:02.846093Z[0m [[32m[1minfo     [0m] [1mEnvironment 'dev' is active   [0m
[2m2024-07-05T04:48:35.337635Z[0m [[32m[1minfo     [0m] [1mEnvironment 'dev' is active   [0m
[2m2024-07-05T04:49:08.458619Z[0m [[32m[1minfo     [0m] [1mEnvironment 'dev' is active   [0m
[2m2024-07-05T04:49:41.843283Z[0m [[32m[1minfo     [0m] [1mEnvironment 'dev' is active   [0m
[2m2024-07-05T04:50:14.122005Z[0m [[32m[1minfo     [0m] [1mEnvironment 'dev' is active   [0m
[2m2024-07-05T04:50:45.881974Z[0m [[32m[1minfo     [0m] [1mEnvironment 'dev' is active   [0m
[2m2024-07-05T04:51:17.649238Z[0m [[32m[1minfo     [0m] [1mEnvironment 'dev' is active   [0m
[2m2024-07-05T04:51:49.529650Z[0m [[32m[1minfo     [0m] [1mEnvironment 'dev' is active   [0m
[2m2024-07-05T04:52:21.384257Z[0m [[32m[1minfo     [0m] [1mEnvironment 'dev' is active   [0m
[2m2024-07-05T04:52:53.154674Z[0m [[32m[1minfo     [0m] [1mEnvironment 'dev' is active   [0m
[2m2024-07-05T04:53:24.999746Z[0m [[32m[1minfo     [0m] [1mEnvironment 'dev' is active   [0m
[2m2024-07-05T04:53:58.633495Z[0m [[32m[1minfo     [0m] [1mEnvironment 'dev' is active   [0m
[2m2024-07-05T04:54:30.688572Z[0m [[32m[1minfo     [0m] [1mEnvironment 'dev' is active   [0m
[2m2024-07-05T04:55:03.253111Z[0m [[32m[1minfo     [0m] [1mEnvironment 'dev' is active   [0m
[2m2024-07-05T04:55:34.957486Z[0m [[32m[1minfo     [0m] [1mEnvironment 'dev' is active   [0m
[2m2024-07-05T04:56:06.694423Z[0m [[32m[1minfo     [0m] [1mEnvironment 'dev' is active   [0m
[2m2024-07-05T04:56:38.697731Z[0m [[32m[1minfo     [0m] [1mEnvironment 'dev' is active   [0m
[2m2024-07-05T04:57:10.847798Z[0m [[32m[1minfo     [0m] [1mEnvironment 'dev' is active   [0m
[2m2024-07-05T04:57:42.948372Z[0m [[32m[1minfo     [0m] [1mEnvironment 'dev' is active   [0m
[2m2024-07-05T04:58:14.780431Z[0m [[32m[1minfo     [0m] [1mEnvironment 'dev' is active   [0m
[2m2024-07-05T04:58:46.649078Z[0m [[32m[1minfo     [0m] [1mEnvironment 'dev' is active   [0m
[2m2024-07-05T04:59:18.435564Z[0m [[32m[1minfo     [0m] [1mEnvironment 'dev' is active   [0m
[2m2024-07-05T04:59:50.138563Z[0m [[32m[1minfo     [0m] [1mEnvironment 'dev' is active   [0m
[2m2024-07-05T05:00:22.448296Z[0m [[32m[1minfo     [0m] [1mEnvironment 'dev' is active   [0m
[2m2024-07-05T05:00:54.550717Z[0m [[32m[1minfo     [0m] [1mEnvironment 'dev' is active   [0m
[2m2024-07-05T05:01:26.539466Z[0m [[32m[1minfo     [0m] [1mEnvironment 'dev' is active   [0m
[2m2024-07-05T05:01:58.360724Z[0m [[32m[1minfo     [0m] [1mEnvironment 'dev' is active   [0m
[2m2024-07-05T05:02:30.918336Z[0m [[32m[1minfo     [0m] [1mEnvironment 'dev' is active   [0m
[2m2024-07-05T05:03:02.850833Z[0m [[32m[1minfo     [0m] [1mEnvironment 'dev' is active   [0m
[2m2024-07-05T05:03:34.721222Z[0m [[32m[1minfo     [0m] [1mEnvironment 'dev' is active   [0m
[2m2024-07-05T05:04:06.477885Z[0m [[32m[1minfo     [0m] [1mEnvironment 'dev' is active   [0m
[2m2024-07-05T05:04:38.177805Z[0m [[32m[1minfo     [0m] [1mEnvironment 'dev' is active   [0m
[2m2024-07-05T05:05:09.958554Z[0m [[32m[1minfo     [0m] [1mEnvironment 'dev' is active   [0m
[2m2024-07-05T05:05:41.667933Z[0m [[32m[1minfo     [0m] [1mEnvironment 'dev' is active   [0m
[2m2024-07-05T05:06:13.298193Z[0m [[32m[1minfo     [0m] [1mEnvironment 'dev' is active   [0m
[2m2024-07-05T05:06:45.130484Z[0m [[32m[1minfo     [0m] [1mEnvironment 'dev' is active   [0m
[2m2024-07-05T05:07:17.078610Z[0m [[32m[1minfo     [0m] [1mEnvironment 'dev' is active   [0m
[2m2024-07-05T05:07:49.331170Z[0m [[32m[1minfo     [0m] [1mEnvironment 'dev' is active   [0m
[2m2024-07-05T05:08:22.510729Z[0m [[32m[1minfo     [0m] [1mEnvironment 'dev' is active   [0m
[2m2024-07-05T05:08:54.337964Z[0m [[32m[1minfo     [0m] [1mEnvironment 'dev' is active   [0m
[2m2024-07-05T05:09:26.120676Z[0m [[32m[1minfo     [0m] [1mEnvironment 'dev' is active   [0m
[2m2024-07-05T05:09:57.825219Z[0m [[32m[1minfo     [0m] [1mEnvironment 'dev' is active   [0m
[2m2024-07-05T05:10:29.528403Z[0m [[32m[1minfo     [0m] [1mEnvironment 'dev' is active   [0m
[2m2024-07-05T05:11:01.242120Z[0m [[32m[1minfo     [0m] [1mEnvironment 'dev' is active   [0m
[2m2024-07-05T05:11:33.626569Z[0m [[32m[1minfo     [0m] [1mEnvironment 'dev' is active   [0m
[2m2024-07-05T05:12:06.035830Z[0m [[32m[1minfo     [0m] [1mEnvironment 'dev' is active   [0m
[2m2024-07-05T05:12:37.749789Z[0m [[32m[1minfo     [0m] [1mEnvironment 'dev' is active   [0m
[2m2024-07-05T05:13:09.570851Z[0m [[32m[1minfo     [0m] [1mEnvironment 'dev' is active   [0m
[2m2024-07-05T05:13:41.443637Z[0m [[32m[1minfo     [0m] [1mEnvironment 'dev' is active   [0m
[2m2024-07-05T05:14:13.273348Z[0m [[32m[1minfo     [0m] [1mEnvironment 'dev' is active   [0m
[2m2024-07-05T05:14:45.081873Z[0m [[32m[1minfo     [0m] [1mEnvironment 'dev' is active   [0m
[2m2024-07-05T05:15:17.003650Z[0m [[32m[1minfo     [0m] [1mEnvironment 'dev' is active   [0m
[2m2024-07-05T05:15:48.763073Z[0m [[32m[1minfo     [0m] [1mEnvironment 'dev' is active   [0m
[2m2024-07-05T05:16:20.618440Z[0m [[32m[1minfo     [0m] [1mEnvironment 'dev' is active   [0m
[2m2024-07-05T05:16:52.578209Z[0m [[32m[1minfo     [0m] [1mEnvironment 'dev' is active   [0m
[2m2024-07-05T05:17:25.108871Z[0m [[32m[1minfo     [0m] [1mEnvironment 'dev' is active   [0m
[2m2024-07-05T05:17:56.922466Z[0m [[32m[1minfo     [0m] [1mEnvironment 'dev' is active   [0m
[2m2024-07-05T05:18:28.646748Z[0m [[32m[1minfo     [0m] [1mEnvironment 'dev' is active   [0m
[2m2024-07-05T05:19:00.290855Z[0m [[32m[1minfo     [0m] [1mEnvironment 'dev' is active   [0m
[2m2024-07-05T05:19:32.035236Z[0m [[32m[1minfo     [0m] [1mEnvironment 'dev' is active   [0m
[2m2024-07-05T05:20:03.804993Z[0m [[32m[1minfo     [0m] [1mEnvironment 'dev' is active   [0m
[2m2024-07-05T05:20:35.512583Z[0m [[32m[1minfo     [0m] [1mEnvironment 'dev' is active   [0m
[2m2024-07-05T05:21:07.300507Z[0m [[32m[1minfo     [0m] [1mEnvironment 'dev' is active   [0m
[2m2024-07-05T05:21:38.936997Z[0m [[32m[1minfo     [0m] [1mEnvironment 'dev' is active   [0m
[2m2024-07-05T05:22:10.709016Z[0m [[32m[1minfo     [0m] [1mEnvironment 'dev' is active   [0m
[2m2024-07-05T05:22:42.454889Z[0m [[32m[1minfo     [0m] [1mEnvironment 'dev' is active   [0m
[2m2024-07-05T05:23:14.212352Z[0m [[32m[1minfo     [0m] [1mEnvironment 'dev' is active   [0m
[2m2024-07-05T05:23:45.925281Z[0m [[32m[1minfo     [0m] [1mEnvironment 'dev' is active   [0m
[2m2024-07-05T05:24:17.657599Z[0m [[32m[1minfo     [0m] [1mEnvironment 'dev' is active   [0m
[2m2024-07-05T05:24:49.484569Z[0m [[32m[1minfo     [0m] [1mEnvironment 'dev' is active   [0m
[2m2024-07-05T05:25:21.438440Z[0m [[32m[1minfo     [0m] [1mEnvironment 'dev' is active   [0m
[2m2024-07-05T05:25:53.131401Z[0m [[32m[1minfo     [0m] [1mEnvironment 'dev' is active   [0m
[2m2024-07-05T05:26:25.153959Z[0m [[32m[1minfo     [0m] [1mEnvironment 'dev' is active   [0m
[2m2024-07-05T05:26:58.092179Z[0m [[32m[1minfo     [0m] [1mEnvironment 'dev' is active   [0m
[2m2024-07-05T05:27:29.995489Z[0m [[32m[1minfo     [0m] [1mEnvironment 'dev' is active   [0m
[2m2024-07-05T05:28:01.832301Z[0m [[32m[1minfo     [0m] [1mEnvironment 'dev' is active   [0m
[2m2024-07-05T05:28:33.693462Z[0m [[32m[1minfo     [0m] [1mEnvironment 'dev' is active   [0m
[2m2024-07-05T05:29:05.555358Z[0m [[32m[1minfo     [0m] [1mEnvironment 'dev' is active   [0m
[2m2024-07-05T05:29:37.365703Z[0m [[32m[1minfo     [0m] [1mEnvironment 'dev' is active   [0m
[2m2024-07-05T05:30:09.080982Z[0m [[32m[1minfo     [0m] [1mEnvironment 'dev' is active   [0m
[2m2024-07-05T05:30:40.945455Z[0m [[32m[1minfo     [0m] [1mEnvironment 'dev' is active   [0m
[2m2024-07-05T05:31:13.410846Z[0m [[32m[1minfo     [0m] [1mEnvironment 'dev' is active   [0m
[2m2024-07-05T05:31:46.040155Z[0m [[32m[1minfo     [0m] [1mEnvironment 'dev' is active   [0m
[2m2024-07-05T05:32:17.756434Z[0m [[32m[1minfo     [0m] [1mEnvironment 'dev' is active   [0m
[2m2024-07-05T05:32:49.646658Z[0m [[32m[1minfo     [0m] [1mEnvironment 'dev' is active   [0m
[2m2024-07-05T05:33:21.879654Z[0m [[32m[1minfo     [0m] [1mEnvironment 'dev' is active   [0m
[2m2024-07-05T05:33:53.638760Z[0m [[32m[1minfo     [0m] [1mEnvironment 'dev' is active   [0m
[2m2024-07-05T05:34:25.644103Z[0m [[32m[1minfo     [0m] [1mEnvironment 'dev' is active   [0m
[2m2024-07-05T05:34:57.419899Z[0m [[32m[1minfo     [0m] [1mEnvironment 'dev' is active   [0m
[2m2024-07-05T05:35:29.196558Z[0m [[32m[1minfo     [0m] [1mEnvironment 'dev' is active   [0m
[2m2024-07-05T05:36:01.301669Z[0m [[32m[1minfo     [0m] [1mEnvironment 'dev' is active   [0m
[2m2024-07-05T05:36:33.003062Z[0m [[32m[1minfo     [0m] [1mEnvironment 'dev' is active   [0m
[2m2024-07-05T05:37:04.695341Z[0m [[32m[1minfo     [0m] [1mEnvironment 'dev' is active   [0m
[2m2024-07-05T05:37:36.440466Z[0m [[32m[1minfo     [0m] [1mEnvironment 'dev' is active   [0m
[2m2024-07-05T05:38:09.346978Z[0m [[32m[1minfo     [0m] [1mEnvironment 'dev' is active   [0m
[2m2024-07-05T05:38:41.228714Z[0m [[32m[1minfo     [0m] [1mEnvironment 'dev' is active   [0m
[2m2024-07-05T05:39:13.051426Z[0m [[32m[1minfo     [0m] [1mEnvironment 'dev' is active   [0m
[2m2024-07-05T05:39:44.835432Z[0m [[32m[1minfo     [0m] [1mEnvironment 'dev' is active   [0m
[2m2024-07-05T05:40:16.455378Z[0m [[32m[1minfo     [0m] [1mEnvironment 'dev' is active   [0m
[2m2024-07-05T05:40:48.323149Z[0m [[32m[1minfo     [0m] [1mEnvironment 'dev' is active   [0m
[2m2024-07-05T05:41:20.047636Z[0m [[32m[1minfo     [0m] [1mEnvironment 'dev' is active   [0m
[2m2024-07-05T05:41:51.721388Z[0m [[32m[1minfo     [0m] [1mEnvironment 'dev' is active   [0m
[2m2024-07-05T05:42:23.426066Z[0m [[32m[1minfo     [0m] [1mEnvironment 'dev' is active   [0m
[2m2024-07-05T05:42:55.513163Z[0m [[32m[1minfo     [0m] [1mEnvironment 'dev' is active   [0m
[2m2024-07-05T05:43:29.512064Z[0m [[32m[1minfo     [0m] [1mEnvironment 'dev' is active   [0m
[2m2024-07-05T05:44:01.911750Z[0m [[32m[1minfo     [0m] [1mEnvironment 'dev' is active   [0m
[2m2024-07-05T05:44:34.439714Z[0m [[32m[1minfo     [0m] [1mEnvironment 'dev' is active   [0m
[2m2024-07-05T05:45:07.908312Z[0m [[32m[1minfo     [0m] [1mEnvironment 'dev' is active   [0m
[2m2024-07-05T05:45:42.193692Z[0m [[32m[1minfo     [0m] [1mEnvironment 'dev' is active   [0m
[2m2024-07-05T05:46:14.905752Z[0m [[32m[1minfo     [0m] [1mEnvironment 'dev' is active   [0m
[2m2024-07-05T05:46:46.917699Z[0m [[32m[1minfo     [0m] [1mEnvironment 'dev' is active   [0m
[2m2024-07-05T05:47:19.480417Z[0m [[32m[1minfo     [0m] [1mEnvironment 'dev' is active   [0m
[2m2024-07-05T05:47:51.324377Z[0m [[32m[1minfo     [0m] [1mEnvironment 'dev' is active   [0m
[2m2024-07-05T05:48:23.310854Z[0m [[32m[1minfo     [0m] [1mEnvironment 'dev' is active   [0m
[2m2024-07-05T05:48:55.777301Z[0m [[32m[1minfo     [0m] [1mEnvironment 'dev' is active   [0m
[2m2024-07-05T05:49:28.028901Z[0m [[32m[1minfo     [0m] [1mEnvironment 'dev' is active   [0m
[2m2024-07-05T05:50:01.224924Z[0m [[32m[1minfo     [0m] [1mEnvironment 'dev' is active   [0m
[2m2024-07-05T05:50:34.431094Z[0m [[32m[1minfo     [0m] [1mEnvironment 'dev' is active   [0m
[2m2024-07-05T05:51:09.946289Z[0m [[32m[1minfo     [0m] [1mEnvironment 'dev' is active   [0m
[2m2024-07-05T05:51:43.590813Z[0m [[32m[1minfo     [0m] [1mEnvironment 'dev' is active   [0m
[2m2024-07-05T05:52:18.416851Z[0m [[32m[1minfo     [0m] [1mEnvironment 'dev' is active   [0m
[2m2024-07-05T05:52:50.443038Z[0m [[32m[1minfo     [0m] [1mEnvironment 'dev' is active   [0m
