2024-06-16 03:44:03,102 INFO - Task context logging is enabled
2024-06-16 03:44:03,103 INFO - Loaded executor: SequentialExecutor
2024-06-16 03:44:03,139 INFO - Starting the scheduler
2024-06-16 03:44:03,140 INFO - Processing each file at most -1 times
2024-06-16 03:44:03,146 INFO - Launched DagFileProcessorManager with pid: 577188
2024-06-16 03:44:03,148 INFO - Adopting or resetting orphaned tasks for active dag runs
2024-06-16 03:44:03,153 INFO - Configured default timezone UTC
2024-06-16 03:44:07,508 INFO - DAG meltano_load-postgres-csv_postgres-to-csv is at (or above) max_active_runs (1 of 1), not creating any more runs
2024-06-16 03:44:07,514 INFO - DAG meltano_load-details-csv_details-to-csv is at (or above) max_active_runs (1 of 1), not creating any more runs
2024-06-16 03:44:07,519 INFO - DAG meltano_load-disk-postgres_disk-to-postgres is at (or above) max_active_runs (1 of 1), not creating any more runs
2024-06-16 03:44:07,676 INFO - 3 tasks up for execution:
	<TaskInstance: meltano_load-postgres-csv_postgres-to-csv.meltano_load-postgres-csv_postgres-to-csv_task0 scheduled__2024-06-15T00:00:00+00:00 [scheduled]>
	<TaskInstance: meltano_load-details-csv_details-to-csv.meltano_load-details-csv_details-to-csv_task0 scheduled__2024-06-15T00:00:00+00:00 [scheduled]>
	<TaskInstance: meltano_load-disk-postgres_disk-to-postgres.meltano_load-disk-postgres_disk-to-postgres_task0 scheduled__2024-06-15T00:05:00+00:00 [scheduled]>
2024-06-16 03:44:07,676 INFO - DAG meltano_load-postgres-csv_postgres-to-csv has 0/16 running and queued tasks
2024-06-16 03:44:07,677 INFO - DAG meltano_load-details-csv_details-to-csv has 0/16 running and queued tasks
2024-06-16 03:44:07,677 INFO - DAG meltano_load-disk-postgres_disk-to-postgres has 0/16 running and queued tasks
2024-06-16 03:44:07,678 INFO - Setting the following tasks to queued state:
	<TaskInstance: meltano_load-postgres-csv_postgres-to-csv.meltano_load-postgres-csv_postgres-to-csv_task0 scheduled__2024-06-15T00:00:00+00:00 [scheduled]>
	<TaskInstance: meltano_load-details-csv_details-to-csv.meltano_load-details-csv_details-to-csv_task0 scheduled__2024-06-15T00:00:00+00:00 [scheduled]>
	<TaskInstance: meltano_load-disk-postgres_disk-to-postgres.meltano_load-disk-postgres_disk-to-postgres_task0 scheduled__2024-06-15T00:05:00+00:00 [scheduled]>
2024-06-16 03:44:07,683 WARNING - cannot record scheduled_duration for task meltano_load-postgres-csv_postgres-to-csv_task0 because previous state change time has not been saved
2024-06-16 03:44:07,683 WARNING - cannot record scheduled_duration for task meltano_load-details-csv_details-to-csv_task0 because previous state change time has not been saved
2024-06-16 03:44:07,683 WARNING - cannot record scheduled_duration for task meltano_load-disk-postgres_disk-to-postgres_task0 because previous state change time has not been saved
2024-06-16 03:44:07,684 INFO - Sending TaskInstanceKey(dag_id='meltano_load-postgres-csv_postgres-to-csv', task_id='meltano_load-postgres-csv_postgres-to-csv_task0', run_id='scheduled__2024-06-15T00:00:00+00:00', try_number=1, map_index=-1) to executor with priority 1 and queue default
2024-06-16 03:44:07,685 INFO - Adding to queue: ['airflow', 'tasks', 'run', 'meltano_load-postgres-csv_postgres-to-csv', 'meltano_load-postgres-csv_postgres-to-csv_task0', 'scheduled__2024-06-15T00:00:00+00:00', '--local', '--subdir', 'DAGS_FOLDER/meltano_dag_generator.py']
2024-06-16 03:44:07,688 INFO - Sending TaskInstanceKey(dag_id='meltano_load-details-csv_details-to-csv', task_id='meltano_load-details-csv_details-to-csv_task0', run_id='scheduled__2024-06-15T00:00:00+00:00', try_number=1, map_index=-1) to executor with priority 1 and queue default
2024-06-16 03:44:07,689 INFO - Adding to queue: ['airflow', 'tasks', 'run', 'meltano_load-details-csv_details-to-csv', 'meltano_load-details-csv_details-to-csv_task0', 'scheduled__2024-06-15T00:00:00+00:00', '--local', '--subdir', 'DAGS_FOLDER/meltano_dag_generator.py']
2024-06-16 03:44:07,689 INFO - Sending TaskInstanceKey(dag_id='meltano_load-disk-postgres_disk-to-postgres', task_id='meltano_load-disk-postgres_disk-to-postgres_task0', run_id='scheduled__2024-06-15T00:05:00+00:00', try_number=1, map_index=-1) to executor with priority 1 and queue default
2024-06-16 03:44:07,690 INFO - Adding to queue: ['airflow', 'tasks', 'run', 'meltano_load-disk-postgres_disk-to-postgres', 'meltano_load-disk-postgres_disk-to-postgres_task0', 'scheduled__2024-06-15T00:05:00+00:00', '--local', '--subdir', 'DAGS_FOLDER/meltano_dag_generator.py']
2024-06-16 03:44:07,698 INFO - Executing command: ['airflow', 'tasks', 'run', 'meltano_load-postgres-csv_postgres-to-csv', 'meltano_load-postgres-csv_postgres-to-csv_task0', 'scheduled__2024-06-15T00:00:00+00:00', '--local', '--subdir', 'DAGS_FOLDER/meltano_dag_generator.py']
2024-06-16 03:44:20,736 INFO - Executing command: ['airflow', 'tasks', 'run', 'meltano_load-details-csv_details-to-csv', 'meltano_load-details-csv_details-to-csv_task0', 'scheduled__2024-06-15T00:00:00+00:00', '--local', '--subdir', 'DAGS_FOLDER/meltano_dag_generator.py']
2024-06-16 03:44:32,345 INFO - Executing command: ['airflow', 'tasks', 'run', 'meltano_load-disk-postgres_disk-to-postgres', 'meltano_load-disk-postgres_disk-to-postgres_task0', 'scheduled__2024-06-15T00:05:00+00:00', '--local', '--subdir', 'DAGS_FOLDER/meltano_dag_generator.py']
2024-06-16 03:44:57,842 INFO - Received executor event with state success for task instance TaskInstanceKey(dag_id='meltano_load-postgres-csv_postgres-to-csv', task_id='meltano_load-postgres-csv_postgres-to-csv_task0', run_id='scheduled__2024-06-15T00:00:00+00:00', try_number=1, map_index=-1)
2024-06-16 03:44:57,843 INFO - Received executor event with state success for task instance TaskInstanceKey(dag_id='meltano_load-details-csv_details-to-csv', task_id='meltano_load-details-csv_details-to-csv_task0', run_id='scheduled__2024-06-15T00:00:00+00:00', try_number=1, map_index=-1)
2024-06-16 03:44:57,843 INFO - Received executor event with state success for task instance TaskInstanceKey(dag_id='meltano_load-disk-postgres_disk-to-postgres', task_id='meltano_load-disk-postgres_disk-to-postgres_task0', run_id='scheduled__2024-06-15T00:05:00+00:00', try_number=1, map_index=-1)
2024-06-16 03:44:57,871 INFO - TaskInstance Finished: dag_id=meltano_load-disk-postgres_disk-to-postgres, task_id=meltano_load-disk-postgres_disk-to-postgres_task0, run_id=scheduled__2024-06-15T00:05:00+00:00, map_index=-1, run_start_date=2024-06-16 06:44:42.218284+00:00, run_end_date=2024-06-16 06:44:57.143988+00:00, run_duration=14.925704, state=success, executor_state=success, try_number=1, max_tries=1, job_id=4, pool=default_pool, queue=default, priority_weight=1, operator=BashOperator, queued_dttm=2024-06-16 06:44:07.679798+00:00, queued_by_job_id=1, pid=577456
2024-06-16 03:44:57,873 INFO - TaskInstance Finished: dag_id=meltano_load-details-csv_details-to-csv, task_id=meltano_load-details-csv_details-to-csv_task0, run_id=scheduled__2024-06-15T00:00:00+00:00, map_index=-1, run_start_date=2024-06-16 06:44:24.501637+00:00, run_end_date=2024-06-16 06:44:31.647383+00:00, run_duration=7.145746, state=success, executor_state=success, try_number=1, max_tries=1, job_id=3, pool=default_pool, queue=default, priority_weight=1, operator=BashOperator, queued_dttm=2024-06-16 06:44:07.679798+00:00, queued_by_job_id=1, pid=577343
2024-06-16 03:44:57,874 INFO - TaskInstance Finished: dag_id=meltano_load-postgres-csv_postgres-to-csv, task_id=meltano_load-postgres-csv_postgres-to-csv_task0, run_id=scheduled__2024-06-15T00:00:00+00:00, map_index=-1, run_start_date=2024-06-16 06:44:11.974067+00:00, run_end_date=2024-06-16 06:44:20.346835+00:00, run_duration=8.372768, state=success, executor_state=success, try_number=1, max_tries=1, job_id=2, pool=default_pool, queue=default, priority_weight=1, operator=BashOperator, queued_dttm=2024-06-16 06:44:07.679798+00:00, queued_by_job_id=1, pid=577328
2024-06-16 03:44:57,885 ERROR - DagFileProcessorManager (PID=577188) last sent a heartbeat 50.54 seconds ago! Restarting it
2024-06-16 03:44:57,889 INFO - Sending Signals.SIGTERM to group 577188. PIDs of all processes in the group: [577188]
2024-06-16 03:44:57,890 INFO - Sending the signal Signals.SIGTERM to group 577188
2024-06-16 03:44:58,508 INFO - Process psutil.Process(pid=577188, status='terminated', exitcode=0, started='03:44:02') (577188) terminated with exit code 0
2024-06-16 03:44:58,513 INFO - Launched DagFileProcessorManager with pid: 577479
2024-06-16 03:44:58,524 INFO - Configured default timezone UTC
2024-06-16 03:45:02,711 INFO - Marking run <DagRun meltano_load-details-csv_details-to-csv @ 2024-06-15 00:00:00+00:00: scheduled__2024-06-15T00:00:00+00:00, state:running, queued_at: 2024-06-16 06:44:07.511310+00:00. externally triggered: False> successful
2024-06-16 03:45:02,713 INFO - DagRun Finished: dag_id=meltano_load-details-csv_details-to-csv, execution_date=2024-06-15 00:00:00+00:00, run_id=scheduled__2024-06-15T00:00:00+00:00, run_start_date=2024-06-16 06:44:07.533205+00:00, run_end_date=2024-06-16 06:45:02.713475+00:00, run_duration=55.18027, state=success, external_trigger=False, run_type=scheduled, data_interval_start=2024-06-15 00:00:00+00:00, data_interval_end=2024-06-16 00:00:00+00:00, dag_hash=070925bbdeb23d46c9c2db7c38a0459d
2024-06-16 03:45:02,725 INFO - Setting next_dagrun for meltano_load-details-csv_details-to-csv to 2024-06-16 00:00:00+00:00, run_after=2024-06-17 00:00:00+00:00
2024-06-16 03:45:02,734 INFO - Marking run <DagRun meltano_load-postgres-csv_postgres-to-csv @ 2024-06-15 00:00:00+00:00: scheduled__2024-06-15T00:00:00+00:00, state:running, queued_at: 2024-06-16 06:44:07.393886+00:00. externally triggered: False> successful
2024-06-16 03:45:02,734 INFO - DagRun Finished: dag_id=meltano_load-postgres-csv_postgres-to-csv, execution_date=2024-06-15 00:00:00+00:00, run_id=scheduled__2024-06-15T00:00:00+00:00, run_start_date=2024-06-16 06:44:07.534070+00:00, run_end_date=2024-06-16 06:45:02.734601+00:00, run_duration=55.200531, state=success, external_trigger=False, run_type=scheduled, data_interval_start=2024-06-15 00:00:00+00:00, data_interval_end=2024-06-16 00:00:00+00:00, dag_hash=11a8ab522b55e60ca5c6aae98c518c7f
2024-06-16 03:45:02,748 INFO - Setting next_dagrun for meltano_load-postgres-csv_postgres-to-csv to 2024-06-16 00:00:00+00:00, run_after=2024-06-17 00:00:00+00:00
2024-06-16 03:45:02,755 INFO - Marking run <DagRun meltano_load-disk-postgres_disk-to-postgres @ 2024-06-15 00:05:00+00:00: scheduled__2024-06-15T00:05:00+00:00, state:running, queued_at: 2024-06-16 06:44:07.517019+00:00. externally triggered: False> successful
2024-06-16 03:45:02,756 INFO - DagRun Finished: dag_id=meltano_load-disk-postgres_disk-to-postgres, execution_date=2024-06-15 00:05:00+00:00, run_id=scheduled__2024-06-15T00:05:00+00:00, run_start_date=2024-06-16 06:44:07.534339+00:00, run_end_date=2024-06-16 06:45:02.756304+00:00, run_duration=55.221965, state=success, external_trigger=False, run_type=scheduled, data_interval_start=2024-06-15 00:05:00+00:00, data_interval_end=2024-06-16 00:05:00+00:00, dag_hash=f0a3a6d786150617b0c3a7dcfcca287c
2024-06-16 03:45:02,767 INFO - Setting next_dagrun for meltano_load-disk-postgres_disk-to-postgres to 2024-06-16 00:05:00+00:00, run_after=2024-06-17 00:05:00+00:00
2024-06-16 03:49:03,216 INFO - Adopting or resetting orphaned tasks for active dag runs
2024-06-16 03:54:03,255 INFO - Adopting or resetting orphaned tasks for active dag runs
2024-06-16 03:59:03,342 INFO - Adopting or resetting orphaned tasks for active dag runs
2024-06-16 04:04:03,621 INFO - Adopting or resetting orphaned tasks for active dag runs
2024-06-16 04:09:03,669 INFO - Adopting or resetting orphaned tasks for active dag runs
2024-06-16 04:14:03,709 INFO - Adopting or resetting orphaned tasks for active dag runs
2024-06-16 04:19:03,818 INFO - Adopting or resetting orphaned tasks for active dag runs
2024-06-16 04:24:03,863 INFO - Adopting or resetting orphaned tasks for active dag runs
2024-06-16 04:29:03,894 INFO - Adopting or resetting orphaned tasks for active dag runs
2024-06-16 12:43:07,224 INFO - Adopting or resetting orphaned tasks for active dag runs
2024-06-16 12:48:07,270 INFO - Adopting or resetting orphaned tasks for active dag runs
2024-06-16 12:53:07,315 INFO - Adopting or resetting orphaned tasks for active dag runs
2024-06-16 12:58:07,341 INFO - Adopting or resetting orphaned tasks for active dag runs
2024-06-16 13:03:07,368 INFO - Adopting or resetting orphaned tasks for active dag runs
2024-06-16 13:08:07,401 INFO - Adopting or resetting orphaned tasks for active dag runs
2024-06-16 13:13:07,418 INFO - Adopting or resetting orphaned tasks for active dag runs
2024-06-16 13:18:07,435 INFO - Adopting or resetting orphaned tasks for active dag runs
2024-06-16 13:23:07,457 INFO - Adopting or resetting orphaned tasks for active dag runs
2024-06-16 13:28:07,484 INFO - Adopting or resetting orphaned tasks for active dag runs
2024-06-16 13:33:07,514 INFO - Adopting or resetting orphaned tasks for active dag runs
2024-06-16 13:38:07,545 INFO - Adopting or resetting orphaned tasks for active dag runs
2024-06-16 13:43:08,232 INFO - Adopting or resetting orphaned tasks for active dag runs
2024-06-16 13:48:08,253 INFO - Adopting or resetting orphaned tasks for active dag runs
2024-06-16 13:53:08,274 INFO - Adopting or resetting orphaned tasks for active dag runs
2024-06-16 13:58:08,294 INFO - Adopting or resetting orphaned tasks for active dag runs
2024-06-16 14:03:08,332 INFO - Adopting or resetting orphaned tasks for active dag runs
2024-06-16 14:08:08,367 INFO - Adopting or resetting orphaned tasks for active dag runs
2024-06-16 14:13:08,377 INFO - Adopting or resetting orphaned tasks for active dag runs
2024-06-16 14:18:08,416 INFO - Adopting or resetting orphaned tasks for active dag runs
2024-06-16 14:23:08,458 INFO - Adopting or resetting orphaned tasks for active dag runs
2024-06-16 14:28:08,514 INFO - Adopting or resetting orphaned tasks for active dag runs
2024-06-16 14:33:08,541 INFO - Adopting or resetting orphaned tasks for active dag runs
2024-06-16 14:38:08,574 INFO - Adopting or resetting orphaned tasks for active dag runs
2024-06-16 14:43:08,585 INFO - Adopting or resetting orphaned tasks for active dag runs
2024-06-16 14:48:11,604 INFO - Adopting or resetting orphaned tasks for active dag runs
2024-06-16 14:53:11,620 INFO - Adopting or resetting orphaned tasks for active dag runs
2024-06-16 14:58:11,646 INFO - Adopting or resetting orphaned tasks for active dag runs
2024-06-16 15:03:11,677 INFO - Adopting or resetting orphaned tasks for active dag runs
2024-06-16 15:08:11,697 INFO - Adopting or resetting orphaned tasks for active dag runs
2024-06-16 15:13:11,714 INFO - Adopting or resetting orphaned tasks for active dag runs
2024-06-16 15:18:11,798 INFO - Adopting or resetting orphaned tasks for active dag runs
2024-06-16 15:23:11,819 INFO - Adopting or resetting orphaned tasks for active dag runs
2024-06-16 15:28:11,843 INFO - Adopting or resetting orphaned tasks for active dag runs
2024-06-16 15:33:11,875 INFO - Adopting or resetting orphaned tasks for active dag runs
2024-06-16 15:38:11,907 INFO - Adopting or resetting orphaned tasks for active dag runs
2024-06-16 15:43:11,945 INFO - Adopting or resetting orphaned tasks for active dag runs
2024-06-16 15:48:11,979 INFO - Adopting or resetting orphaned tasks for active dag runs
2024-06-16 15:53:12,016 INFO - Adopting or resetting orphaned tasks for active dag runs
2024-06-16 15:58:12,047 INFO - Adopting or resetting orphaned tasks for active dag runs
2024-06-16 16:03:12,056 INFO - Adopting or resetting orphaned tasks for active dag runs
2024-06-16 16:08:12,083 INFO - Adopting or resetting orphaned tasks for active dag runs
2024-06-16 16:13:12,096 INFO - Adopting or resetting orphaned tasks for active dag runs
2024-06-16 16:18:12,114 INFO - Adopting or resetting orphaned tasks for active dag runs
2024-06-16 16:23:12,141 INFO - Adopting or resetting orphaned tasks for active dag runs
2024-06-16 16:28:12,211 INFO - Adopting or resetting orphaned tasks for active dag runs
2024-06-16 16:33:12,246 INFO - Adopting or resetting orphaned tasks for active dag runs
2024-06-16 16:38:12,261 INFO - Adopting or resetting orphaned tasks for active dag runs
2024-07-03 21:28:26,364 INFO - Task context logging is enabled
2024-07-03 21:28:26,389 INFO - Loaded executor: SequentialExecutor
2024-07-03 21:28:26,498 INFO - Starting the scheduler
2024-07-03 21:28:26,498 INFO - Processing each file at most -1 times
2024-07-03 21:28:26,501 INFO - Launched DagFileProcessorManager with pid: 38986
2024-07-03 21:28:26,502 INFO - Adopting or resetting orphaned tasks for active dag runs
2024-07-03 21:28:26,503 INFO - Configured default timezone UTC
2024-07-03 21:28:26,510 INFO - Marked 1 SchedulerJob instances as failed
2024-07-04 11:15:09,212 INFO - Task context logging is enabled
2024-07-04 11:15:09,219 INFO - Loaded executor: SequentialExecutor
2024-07-04 11:15:09,375 INFO - Starting the scheduler
2024-07-04 11:15:09,375 INFO - Processing each file at most -1 times
2024-07-04 11:15:09,378 INFO - Launched DagFileProcessorManager with pid: 14563
2024-07-04 11:15:09,379 INFO - Adopting or resetting orphaned tasks for active dag runs
2024-07-04 11:15:09,381 INFO - Configured default timezone UTC
2024-07-04 11:23:25,071 INFO - Task context logging is enabled
2024-07-04 11:23:25,102 INFO - Loaded executor: SequentialExecutor
2024-07-04 11:23:25,208 INFO - Starting the scheduler
2024-07-04 11:23:25,208 INFO - Processing each file at most -1 times
2024-07-04 11:23:25,211 INFO - Launched DagFileProcessorManager with pid: 16602
2024-07-04 11:23:25,212 INFO - Adopting or resetting orphaned tasks for active dag runs
2024-07-04 11:23:25,214 INFO - Configured default timezone UTC
2024-07-04 11:23:25,220 INFO - Marked 1 SchedulerJob instances as failed
2024-07-04 11:28:25,361 INFO - Adopting or resetting orphaned tasks for active dag runs
2024-07-04 11:33:25,389 INFO - Adopting or resetting orphaned tasks for active dag runs
2024-07-04 11:34:07,969 INFO - Task context logging is enabled
2024-07-04 11:34:07,971 INFO - Loaded executor: SequentialExecutor
2024-07-04 11:34:08,062 INFO - Starting the scheduler
2024-07-04 11:34:08,063 INFO - Processing each file at most -1 times
2024-07-04 11:34:08,066 INFO - Launched DagFileProcessorManager with pid: 19833
2024-07-04 11:34:08,067 INFO - Adopting or resetting orphaned tasks for active dag runs
2024-07-04 11:34:08,068 INFO - Configured default timezone UTC
2024-07-04 11:39:08,103 INFO - Adopting or resetting orphaned tasks for active dag runs
2024-07-04 11:39:08,104 INFO - Marked 1 SchedulerJob instances as failed
2024-07-04 11:44:08,505 INFO - Adopting or resetting orphaned tasks for active dag runs
2024-07-04 13:20:35,266 INFO - Task context logging is enabled
2024-07-04 13:20:35,273 INFO - Loaded executor: SequentialExecutor
2024-07-04 13:20:35,364 INFO - Starting the scheduler
2024-07-04 13:20:35,364 INFO - Processing each file at most -1 times
2024-07-04 13:20:35,367 INFO - Launched DagFileProcessorManager with pid: 41518
2024-07-04 13:20:35,368 INFO - Adopting or resetting orphaned tasks for active dag runs
2024-07-04 13:20:35,370 INFO - Configured default timezone UTC
2024-07-04 13:25:35,404 INFO - Adopting or resetting orphaned tasks for active dag runs
2024-07-04 13:30:35,427 INFO - Adopting or resetting orphaned tasks for active dag runs
2024-07-04 13:31:51,751 INFO - Exiting gracefully upon receiving signal 15
2024-07-04 13:31:52,054 INFO - Sending 15 to group 41518. PIDs of all processes in the group: []
2024-07-04 13:31:52,054 INFO - Sending the signal 15 to group 41518
2024-07-04 13:31:52,054 INFO - Sending the signal 15 to process 41518 as process group is missing.
2024-07-04 13:31:52,064 INFO - Sending 15 to group 41518. PIDs of all processes in the group: []
2024-07-04 13:31:52,064 INFO - Sending the signal 15 to group 41518
2024-07-04 13:31:52,064 INFO - Sending the signal 15 to process 41518 as process group is missing.
2024-07-04 13:31:52,064 INFO - Exited execute loop
2024-07-04 13:43:17,007 INFO - Task context logging is enabled
2024-07-04 13:43:17,030 INFO - Loaded executor: SequentialExecutor
2024-07-04 13:43:17,138 INFO - Starting the scheduler
2024-07-04 13:43:17,138 INFO - Processing each file at most -1 times
2024-07-04 13:43:17,141 INFO - Launched DagFileProcessorManager with pid: 49020
2024-07-04 13:43:17,142 INFO - Adopting or resetting orphaned tasks for active dag runs
2024-07-04 13:43:17,144 INFO - Configured default timezone UTC
2024-07-04 13:48:17,179 INFO - Adopting or resetting orphaned tasks for active dag runs
2024-07-04 13:50:07,647 INFO - Task context logging is enabled
2024-07-04 13:50:07,650 INFO - Loaded executor: SequentialExecutor
2024-07-04 13:50:07,737 INFO - Starting the scheduler
2024-07-04 13:50:07,737 INFO - Processing each file at most -1 times
2024-07-04 13:50:07,740 INFO - Launched DagFileProcessorManager with pid: 51844
2024-07-04 13:50:07,741 INFO - Adopting or resetting orphaned tasks for active dag runs
2024-07-04 13:50:07,743 INFO - Configured default timezone UTC
2024-07-04 13:55:07,777 INFO - Adopting or resetting orphaned tasks for active dag runs
2024-07-04 13:55:07,778 INFO - Marked 1 SchedulerJob instances as failed
2024-07-04 14:00:08,119 INFO - Adopting or resetting orphaned tasks for active dag runs
2024-07-04 14:05:08,140 INFO - Adopting or resetting orphaned tasks for active dag runs
2024-07-04 14:10:08,162 INFO - Adopting or resetting orphaned tasks for active dag runs
2024-07-04 14:15:08,184 INFO - Adopting or resetting orphaned tasks for active dag runs
2024-07-04 14:20:08,206 INFO - Adopting or resetting orphaned tasks for active dag runs
2024-07-04 14:24:07,546 INFO - Task context logging is enabled
2024-07-04 14:24:07,567 INFO - Loaded executor: SequentialExecutor
2024-07-04 14:24:07,672 INFO - Starting the scheduler
2024-07-04 14:24:07,673 INFO - Processing each file at most -1 times
2024-07-04 14:24:07,676 INFO - Launched DagFileProcessorManager with pid: 59000
2024-07-04 14:24:07,677 INFO - Adopting or resetting orphaned tasks for active dag runs
2024-07-04 14:24:07,678 INFO - Configured default timezone UTC
2024-07-04 14:26:57,376 INFO - Task context logging is enabled
2024-07-04 14:26:57,402 INFO - Loaded executor: SequentialExecutor
2024-07-04 14:26:57,511 INFO - Starting the scheduler
2024-07-04 14:26:57,511 INFO - Processing each file at most -1 times
2024-07-04 14:26:57,514 INFO - Launched DagFileProcessorManager with pid: 60622
2024-07-04 14:26:57,515 INFO - Adopting or resetting orphaned tasks for active dag runs
2024-07-04 14:26:57,517 INFO - Configured default timezone UTC
2024-07-04 14:26:57,523 INFO - Marked 1 SchedulerJob instances as failed
2024-07-04 14:31:57,632 INFO - Adopting or resetting orphaned tasks for active dag runs
2024-07-04 14:31:57,633 INFO - Marked 1 SchedulerJob instances as failed
2024-07-04 14:36:57,710 INFO - Adopting or resetting orphaned tasks for active dag runs
2024-07-04 14:41:58,997 INFO - Adopting or resetting orphaned tasks for active dag runs
2024-07-04 14:46:59,021 INFO - Adopting or resetting orphaned tasks for active dag runs
2024-07-04 14:51:59,042 INFO - Adopting or resetting orphaned tasks for active dag runs
2024-07-04 14:56:59,064 INFO - Adopting or resetting orphaned tasks for active dag runs
2024-07-04 14:58:06,810 INFO - Task context logging is enabled
2024-07-04 14:58:06,818 INFO - Loaded executor: SequentialExecutor
2024-07-04 14:58:06,910 INFO - Starting the scheduler
2024-07-04 14:58:06,910 INFO - Processing each file at most -1 times
2024-07-04 14:58:06,914 INFO - Launched DagFileProcessorManager with pid: 68317
2024-07-04 14:58:06,914 INFO - Adopting or resetting orphaned tasks for active dag runs
2024-07-04 14:58:06,916 INFO - Configured default timezone UTC
2024-07-04 15:02:59,676 INFO - Task context logging is enabled
2024-07-04 15:02:59,685 INFO - Loaded executor: SequentialExecutor
2024-07-04 15:02:59,780 INFO - Starting the scheduler
2024-07-04 15:02:59,780 INFO - Processing each file at most -1 times
2024-07-04 15:02:59,783 INFO - Launched DagFileProcessorManager with pid: 70536
2024-07-04 15:02:59,784 INFO - Adopting or resetting orphaned tasks for active dag runs
2024-07-04 15:02:59,786 INFO - Configured default timezone UTC
2024-07-04 15:02:59,793 INFO - Marked 2 SchedulerJob instances as failed
2024-07-04 15:07:59,900 INFO - Adopting or resetting orphaned tasks for active dag runs
2024-07-04 15:12:59,978 INFO - Adopting or resetting orphaned tasks for active dag runs
2024-07-04 19:32:04,924 INFO - Task context logging is enabled
2024-07-04 19:32:04,932 INFO - Loaded executor: SequentialExecutor
2024-07-04 19:32:05,054 INFO - Starting the scheduler
2024-07-04 19:32:05,054 INFO - Processing each file at most -1 times
2024-07-04 19:32:05,057 INFO - Launched DagFileProcessorManager with pid: 93389
2024-07-04 19:32:05,058 INFO - Adopting or resetting orphaned tasks for active dag runs
2024-07-04 19:32:05,060 INFO - Configured default timezone UTC
2024-07-04 19:37:05,100 INFO - Adopting or resetting orphaned tasks for active dag runs
2024-07-04 19:42:05,179 INFO - Adopting or resetting orphaned tasks for active dag runs
2024-07-04 23:12:24,941 INFO - Task context logging is enabled
2024-07-04 23:12:24,950 INFO - Loaded executor: SequentialExecutor
2024-07-04 23:12:25,044 INFO - Starting the scheduler
2024-07-04 23:12:25,044 INFO - Processing each file at most -1 times
2024-07-04 23:12:25,047 INFO - Launched DagFileProcessorManager with pid: 11480
2024-07-04 23:12:25,048 INFO - Adopting or resetting orphaned tasks for active dag runs
2024-07-04 23:12:25,050 INFO - Configured default timezone UTC
2024-07-04 23:12:26,937 INFO - DAG meltano_load-details-csv_details-to-csv is at (or above) max_active_runs (1 of 1), not creating any more runs
2024-07-04 23:12:26,940 INFO - DAG meltano_load-postgres-csv_postgres-to-csv is at (or above) max_active_runs (1 of 1), not creating any more runs
2024-07-04 23:12:26,942 INFO - DAG meltano_load-disk-postgres_disk-to-postgres is at (or above) max_active_runs (1 of 1), not creating any more runs
2024-07-04 23:12:27,340 INFO - 3 tasks up for execution:
	<TaskInstance: meltano_load-details-csv_details-to-csv.meltano_load-details-csv_details-to-csv_task0 scheduled__2024-07-04T00:00:00+00:00 [scheduled]>
	<TaskInstance: meltano_load-postgres-csv_postgres-to-csv.meltano_load-postgres-csv_postgres-to-csv_task0 scheduled__2024-07-04T00:00:00+00:00 [scheduled]>
	<TaskInstance: meltano_load-disk-postgres_disk-to-postgres.meltano_load-disk-postgres_disk-to-postgres_task0 scheduled__2024-07-04T00:05:00+00:00 [scheduled]>
2024-07-04 23:12:27,340 INFO - DAG meltano_load-details-csv_details-to-csv has 0/16 running and queued tasks
2024-07-04 23:12:27,340 INFO - DAG meltano_load-postgres-csv_postgres-to-csv has 0/16 running and queued tasks
2024-07-04 23:12:27,340 INFO - DAG meltano_load-disk-postgres_disk-to-postgres has 0/16 running and queued tasks
2024-07-04 23:12:27,340 INFO - Setting the following tasks to queued state:
	<TaskInstance: meltano_load-details-csv_details-to-csv.meltano_load-details-csv_details-to-csv_task0 scheduled__2024-07-04T00:00:00+00:00 [scheduled]>
	<TaskInstance: meltano_load-postgres-csv_postgres-to-csv.meltano_load-postgres-csv_postgres-to-csv_task0 scheduled__2024-07-04T00:00:00+00:00 [scheduled]>
	<TaskInstance: meltano_load-disk-postgres_disk-to-postgres.meltano_load-disk-postgres_disk-to-postgres_task0 scheduled__2024-07-04T00:05:00+00:00 [scheduled]>
2024-07-04 23:12:27,342 WARNING - cannot record scheduled_duration for task meltano_load-details-csv_details-to-csv_task0 because previous state change time has not been saved
2024-07-04 23:12:27,342 WARNING - cannot record scheduled_duration for task meltano_load-postgres-csv_postgres-to-csv_task0 because previous state change time has not been saved
2024-07-04 23:12:27,342 WARNING - cannot record scheduled_duration for task meltano_load-disk-postgres_disk-to-postgres_task0 because previous state change time has not been saved
2024-07-04 23:12:27,342 INFO - Sending TaskInstanceKey(dag_id='meltano_load-details-csv_details-to-csv', task_id='meltano_load-details-csv_details-to-csv_task0', run_id='scheduled__2024-07-04T00:00:00+00:00', try_number=1, map_index=-1) to executor with priority 1 and queue default
2024-07-04 23:12:27,342 INFO - Adding to queue: ['airflow', 'tasks', 'run', 'meltano_load-details-csv_details-to-csv', 'meltano_load-details-csv_details-to-csv_task0', 'scheduled__2024-07-04T00:00:00+00:00', '--local', '--subdir', 'DAGS_FOLDER/meltano_dag_generator.py']
2024-07-04 23:12:27,343 INFO - Sending TaskInstanceKey(dag_id='meltano_load-postgres-csv_postgres-to-csv', task_id='meltano_load-postgres-csv_postgres-to-csv_task0', run_id='scheduled__2024-07-04T00:00:00+00:00', try_number=1, map_index=-1) to executor with priority 1 and queue default
2024-07-04 23:12:27,343 INFO - Adding to queue: ['airflow', 'tasks', 'run', 'meltano_load-postgres-csv_postgres-to-csv', 'meltano_load-postgres-csv_postgres-to-csv_task0', 'scheduled__2024-07-04T00:00:00+00:00', '--local', '--subdir', 'DAGS_FOLDER/meltano_dag_generator.py']
2024-07-04 23:12:27,343 INFO - Sending TaskInstanceKey(dag_id='meltano_load-disk-postgres_disk-to-postgres', task_id='meltano_load-disk-postgres_disk-to-postgres_task0', run_id='scheduled__2024-07-04T00:05:00+00:00', try_number=1, map_index=-1) to executor with priority 1 and queue default
2024-07-04 23:12:27,343 INFO - Adding to queue: ['airflow', 'tasks', 'run', 'meltano_load-disk-postgres_disk-to-postgres', 'meltano_load-disk-postgres_disk-to-postgres_task0', 'scheduled__2024-07-04T00:05:00+00:00', '--local', '--subdir', 'DAGS_FOLDER/meltano_dag_generator.py']
2024-07-04 23:12:27,452 INFO - Executing command: ['airflow', 'tasks', 'run', 'meltano_load-details-csv_details-to-csv', 'meltano_load-details-csv_details-to-csv_task0', 'scheduled__2024-07-04T00:00:00+00:00', '--local', '--subdir', 'DAGS_FOLDER/meltano_dag_generator.py']
2024-07-04 23:12:39,552 INFO - Executing command: ['airflow', 'tasks', 'run', 'meltano_load-postgres-csv_postgres-to-csv', 'meltano_load-postgres-csv_postgres-to-csv_task0', 'scheduled__2024-07-04T00:00:00+00:00', '--local', '--subdir', 'DAGS_FOLDER/meltano_dag_generator.py']
2024-07-04 23:12:51,478 INFO - Executing command: ['airflow', 'tasks', 'run', 'meltano_load-disk-postgres_disk-to-postgres', 'meltano_load-disk-postgres_disk-to-postgres_task0', 'scheduled__2024-07-04T00:05:00+00:00', '--local', '--subdir', 'DAGS_FOLDER/meltano_dag_generator.py']
2024-07-04 23:13:05,251 INFO - Received executor event with state success for task instance TaskInstanceKey(dag_id='meltano_load-details-csv_details-to-csv', task_id='meltano_load-details-csv_details-to-csv_task0', run_id='scheduled__2024-07-04T00:00:00+00:00', try_number=1, map_index=-1)
2024-07-04 23:13:05,251 INFO - Received executor event with state success for task instance TaskInstanceKey(dag_id='meltano_load-postgres-csv_postgres-to-csv', task_id='meltano_load-postgres-csv_postgres-to-csv_task0', run_id='scheduled__2024-07-04T00:00:00+00:00', try_number=1, map_index=-1)
2024-07-04 23:13:05,251 INFO - Received executor event with state success for task instance TaskInstanceKey(dag_id='meltano_load-disk-postgres_disk-to-postgres', task_id='meltano_load-disk-postgres_disk-to-postgres_task0', run_id='scheduled__2024-07-04T00:05:00+00:00', try_number=1, map_index=-1)
2024-07-04 23:13:05,256 INFO - TaskInstance Finished: dag_id=meltano_load-details-csv_details-to-csv, task_id=meltano_load-details-csv_details-to-csv_task0, run_id=scheduled__2024-07-04T00:00:00+00:00, map_index=-1, run_start_date=2024-07-05 02:12:31.231912+00:00, run_end_date=2024-07-05 02:12:39.220555+00:00, run_duration=7.988643, state=success, executor_state=success, try_number=1, max_tries=1, job_id=29, pool=default_pool, queue=default, priority_weight=1, operator=BashOperator, queued_dttm=2024-07-05 02:12:27.341127+00:00, queued_by_job_id=28, pid=11797
2024-07-04 23:13:05,256 INFO - TaskInstance Finished: dag_id=meltano_load-postgres-csv_postgres-to-csv, task_id=meltano_load-postgres-csv_postgres-to-csv_task0, run_id=scheduled__2024-07-04T00:00:00+00:00, map_index=-1, run_start_date=2024-07-05 02:12:42.430955+00:00, run_end_date=2024-07-05 02:12:51.065029+00:00, run_duration=8.634074, state=success, executor_state=success, try_number=1, max_tries=1, job_id=30, pool=default_pool, queue=default, priority_weight=1, operator=BashOperator, queued_dttm=2024-07-05 02:12:27.341127+00:00, queued_by_job_id=28, pid=11863
2024-07-04 23:13:05,256 INFO - TaskInstance Finished: dag_id=meltano_load-disk-postgres_disk-to-postgres, task_id=meltano_load-disk-postgres_disk-to-postgres_task0, run_id=scheduled__2024-07-04T00:05:00+00:00, map_index=-1, run_start_date=2024-07-05 02:12:54.926512+00:00, run_end_date=2024-07-05 02:13:04.893383+00:00, run_duration=9.966871, state=success, executor_state=success, try_number=1, max_tries=1, job_id=31, pool=default_pool, queue=default, priority_weight=1, operator=BashOperator, queued_dttm=2024-07-05 02:12:27.341127+00:00, queued_by_job_id=28, pid=11937
2024-07-04 23:13:07,061 INFO - Marking run <DagRun meltano_load-details-csv_details-to-csv @ 2024-07-04 00:00:00+00:00: scheduled__2024-07-04T00:00:00+00:00, state:running, queued_at: 2024-07-05 02:12:26.930944+00:00. externally triggered: False> successful
2024-07-04 23:13:07,062 INFO - DagRun Finished: dag_id=meltano_load-details-csv_details-to-csv, execution_date=2024-07-04 00:00:00+00:00, run_id=scheduled__2024-07-04T00:00:00+00:00, run_start_date=2024-07-05 02:12:27.057748+00:00, run_end_date=2024-07-05 02:13:07.062123+00:00, run_duration=40.004375, state=success, external_trigger=False, run_type=scheduled, data_interval_start=2024-07-04 00:00:00+00:00, data_interval_end=2024-07-05 00:00:00+00:00, dag_hash=ac34d206e78396324f290a7ef95b9277
2024-07-04 23:13:07,064 INFO - Setting next_dagrun for meltano_load-details-csv_details-to-csv to 2024-07-05 00:00:00+00:00, run_after=2024-07-06 00:00:00+00:00
2024-07-04 23:13:07,067 INFO - Marking run <DagRun meltano_load-postgres-csv_postgres-to-csv @ 2024-07-04 00:00:00+00:00: scheduled__2024-07-04T00:00:00+00:00, state:running, queued_at: 2024-07-05 02:12:26.938479+00:00. externally triggered: False> successful
2024-07-04 23:13:07,067 INFO - DagRun Finished: dag_id=meltano_load-postgres-csv_postgres-to-csv, execution_date=2024-07-04 00:00:00+00:00, run_id=scheduled__2024-07-04T00:00:00+00:00, run_start_date=2024-07-05 02:12:27.057967+00:00, run_end_date=2024-07-05 02:13:07.067518+00:00, run_duration=40.009551, state=success, external_trigger=False, run_type=scheduled, data_interval_start=2024-07-04 00:00:00+00:00, data_interval_end=2024-07-05 00:00:00+00:00, dag_hash=101e21e0bc4cb56106e39b4beaa940fe
2024-07-04 23:13:07,069 INFO - Setting next_dagrun for meltano_load-postgres-csv_postgres-to-csv to 2024-07-05 00:00:00+00:00, run_after=2024-07-06 00:00:00+00:00
2024-07-04 23:13:07,072 INFO - Marking run <DagRun meltano_load-disk-postgres_disk-to-postgres @ 2024-07-04 00:05:00+00:00: scheduled__2024-07-04T00:05:00+00:00, state:running, queued_at: 2024-07-05 02:12:26.941628+00:00. externally triggered: False> successful
2024-07-04 23:13:07,072 INFO - DagRun Finished: dag_id=meltano_load-disk-postgres_disk-to-postgres, execution_date=2024-07-04 00:05:00+00:00, run_id=scheduled__2024-07-04T00:05:00+00:00, run_start_date=2024-07-05 02:12:27.058045+00:00, run_end_date=2024-07-05 02:13:07.072405+00:00, run_duration=40.01436, state=success, external_trigger=False, run_type=scheduled, data_interval_start=2024-07-04 00:05:00+00:00, data_interval_end=2024-07-05 00:05:00+00:00, dag_hash=7f8d67c2caa9b4f52665797411e3b8f6
2024-07-04 23:13:07,074 INFO - Setting next_dagrun for meltano_load-disk-postgres_disk-to-postgres to 2024-07-05 00:05:00+00:00, run_after=2024-07-06 00:05:00+00:00
2024-07-04 23:17:25,086 INFO - Adopting or resetting orphaned tasks for active dag runs
2024-07-04 23:22:25,108 INFO - Adopting or resetting orphaned tasks for active dag runs
2024-07-04 23:27:26,112 INFO - Adopting or resetting orphaned tasks for active dag runs
2024-07-04 23:32:26,134 INFO - Adopting or resetting orphaned tasks for active dag runs
2024-07-04 23:37:26,156 INFO - Adopting or resetting orphaned tasks for active dag runs
2024-07-04 23:42:26,178 INFO - Adopting or resetting orphaned tasks for active dag runs
2024-07-04 23:47:26,201 INFO - Adopting or resetting orphaned tasks for active dag runs
2024-07-04 23:52:26,224 INFO - Adopting or resetting orphaned tasks for active dag runs
2024-07-04 23:57:26,246 INFO - Adopting or resetting orphaned tasks for active dag runs
2024-07-05 00:02:26,268 INFO - Adopting or resetting orphaned tasks for active dag runs
2024-07-05 00:07:26,290 INFO - Adopting or resetting orphaned tasks for active dag runs
2024-07-05 00:12:26,311 INFO - Adopting or resetting orphaned tasks for active dag runs
2024-07-05 00:17:26,334 INFO - Adopting or resetting orphaned tasks for active dag runs
2024-07-05 00:22:27,749 INFO - Adopting or resetting orphaned tasks for active dag runs
2024-07-05 00:27:27,771 INFO - Adopting or resetting orphaned tasks for active dag runs
2024-07-05 00:32:27,830 INFO - Adopting or resetting orphaned tasks for active dag runs
2024-07-05 00:37:27,853 INFO - Adopting or resetting orphaned tasks for active dag runs
2024-07-05 00:42:27,879 INFO - Adopting or resetting orphaned tasks for active dag runs
2024-07-05 00:47:28,796 INFO - Adopting or resetting orphaned tasks for active dag runs
2024-07-05 00:52:28,817 INFO - Adopting or resetting orphaned tasks for active dag runs
2024-07-05 00:57:28,839 INFO - Adopting or resetting orphaned tasks for active dag runs
2024-07-05 01:02:28,862 INFO - Adopting or resetting orphaned tasks for active dag runs
2024-07-05 01:07:28,884 INFO - Adopting or resetting orphaned tasks for active dag runs
2024-07-05 01:12:28,907 INFO - Adopting or resetting orphaned tasks for active dag runs
2024-07-05 01:17:28,929 INFO - Adopting or resetting orphaned tasks for active dag runs
2024-07-05 01:22:28,951 INFO - Adopting or resetting orphaned tasks for active dag runs
2024-07-05 01:27:28,973 INFO - Adopting or resetting orphaned tasks for active dag runs
2024-07-05 01:32:28,995 INFO - Adopting or resetting orphaned tasks for active dag runs
2024-07-05 01:37:29,017 INFO - Adopting or resetting orphaned tasks for active dag runs
2024-07-05 01:42:29,039 INFO - Adopting or resetting orphaned tasks for active dag runs
2024-07-05 01:47:29,062 INFO - Adopting or resetting orphaned tasks for active dag runs
2024-07-05 01:52:29,084 INFO - Adopting or resetting orphaned tasks for active dag runs
2024-07-05 01:52:29,086 INFO - Marked 1 SchedulerJob instances as failed
2024-07-05 01:57:29,152 INFO - Adopting or resetting orphaned tasks for active dag runs
2024-07-05 02:02:29,174 INFO - Adopting or resetting orphaned tasks for active dag runs
2024-07-05 02:07:29,196 INFO - Adopting or resetting orphaned tasks for active dag runs
2024-07-05 02:12:29,218 INFO - Adopting or resetting orphaned tasks for active dag runs
2024-07-05 02:17:29,240 INFO - Adopting or resetting orphaned tasks for active dag runs
2024-07-05 02:22:29,263 INFO - Adopting or resetting orphaned tasks for active dag runs
2024-07-05 02:27:31,208 INFO - Adopting or resetting orphaned tasks for active dag runs
2024-07-05 02:32:31,231 INFO - Adopting or resetting orphaned tasks for active dag runs
2024-07-05 02:37:31,301 INFO - Adopting or resetting orphaned tasks for active dag runs
2024-07-05 02:42:31,323 INFO - Adopting or resetting orphaned tasks for active dag runs
2024-07-05 02:47:31,347 INFO - Adopting or resetting orphaned tasks for active dag runs
2024-07-05 02:52:31,370 INFO - Adopting or resetting orphaned tasks for active dag runs
